Using pre-set license
Built from '2021.3/staging' branch; Version is '2021.3.8f1 (b30333d56e81) revision 11731763'; Using compiler version '192829333'; Build Type 'Release'
OS: 'Windows 10  (10.0.19045) 64bit Core' Language: 'en' Physical Memory: 49073 MB
BatchMode: 1, IsHumanControllingUs: 0, StartBugReporterOnCrash: 0, Is64bit: 1, IsPro: 1

COMMAND LINE ARGUMENTS:
F:\Unity\Unity Install\2021.3.8f1\Editor\Unity.exe
-adb2
-batchMode
-noUpm
-name
AssetImportWorker0
-projectPath
F:/Unity/GitHub/it-Brettney-Batch/Server
-logFile
Logs/AssetImportWorker0.log
-srvPort
53420
Successfully changed project path to: F:/Unity/GitHub/it-Brettney-Batch/Server
F:/Unity/GitHub/it-Brettney-Batch/Server
[UnityMemory] Configuration Parameters - Can be set up in boot.config
    "memorysetup-bucket-allocator-granularity=16"
    "memorysetup-bucket-allocator-bucket-count=8"
    "memorysetup-bucket-allocator-block-size=33554432"
    "memorysetup-bucket-allocator-block-count=8"
    "memorysetup-main-allocator-block-size=16777216"
    "memorysetup-thread-allocator-block-size=16777216"
    "memorysetup-gfx-main-allocator-block-size=16777216"
    "memorysetup-gfx-thread-allocator-block-size=16777216"
    "memorysetup-cache-allocator-block-size=4194304"
    "memorysetup-typetree-allocator-block-size=2097152"
    "memorysetup-profiler-bucket-allocator-granularity=16"
    "memorysetup-profiler-bucket-allocator-bucket-count=8"
    "memorysetup-profiler-bucket-allocator-block-size=33554432"
    "memorysetup-profiler-bucket-allocator-block-count=8"
    "memorysetup-profiler-allocator-block-size=16777216"
    "memorysetup-profiler-editor-allocator-block-size=1048576"
    "memorysetup-temp-allocator-size-main=16777216"
    "memorysetup-job-temp-allocator-block-size=2097152"
    "memorysetup-job-temp-allocator-block-size-background=1048576"
    "memorysetup-job-temp-allocator-reduction-small-platforms=262144"
    "memorysetup-temp-allocator-size-background-worker=32768"
    "memorysetup-temp-allocator-size-job-worker=262144"
    "memorysetup-temp-allocator-size-preload-manager=33554432"
    "memorysetup-temp-allocator-size-nav-mesh-worker=65536"
    "memorysetup-temp-allocator-size-audio-worker=65536"
    "memorysetup-temp-allocator-size-cloud-worker=32768"
    "memorysetup-temp-allocator-size-gi-baking-worker=262144"
    "memorysetup-temp-allocator-size-gfx=262144"
Refreshing native plugins compatible for Editor in 35.81 ms, found 2 plugins.
Preloading 0 native plugins for Editor in 0.00 ms.
Initialize engine version: 2021.3.8f1 (b30333d56e81)
[Subsystems] Discovering subsystems at path F:/Unity/Unity Install/2021.3.8f1/Editor/Data/Resources/UnitySubsystems
[Subsystems] Discovering subsystems at path F:/Unity/GitHub/it-Brettney-Batch/Server/Assets
GfxDevice: creating device client; threaded=0; jobified=0
Direct3D:
    Version:  Direct3D 11.0 [level 11.1]
    Renderer: NVIDIA GeForce RTX 2060 SUPER (ID=0x1f06)
    Vendor:   NVIDIA
    VRAM:     8031 MB
    Driver:   31.0.15.1694
Initialize mono
Mono path[0] = 'F:/Unity/Unity Install/2021.3.8f1/Editor/Data/Managed'
Mono path[1] = 'F:/Unity/Unity Install/2021.3.8f1/Editor/Data/MonoBleedingEdge/lib/mono/unityjit-win32'
Mono config path = 'F:/Unity/Unity Install/2021.3.8f1/Editor/Data/MonoBleedingEdge/etc'
Using monoOptions --debugger-agent=transport=dt_socket,embedding=1,server=y,suspend=n,address=127.0.0.1:56756
Begin MonoManager ReloadAssembly
Registering precompiled unity dll's ...
Register platform support module: F:/Unity/Unity Install/2021.3.8f1/Editor/Data/PlaybackEngines/WindowsStandaloneSupport/UnityEditor.WindowsStandalone.Extensions.dll
Registered in 0.002984 seconds.
Native extension for WindowsStandalone target not found
Refreshing native plugins compatible for Editor in 36.79 ms, found 2 plugins.
Preloading 0 native plugins for Editor in 0.00 ms.
Mono: successfully reloaded assembly
- Completed reload, in  0.550 seconds
Domain Reload Profiling:
	ReloadAssembly (551ms)
		BeginReloadAssembly (69ms)
			ExecutionOrderSort (0ms)
			DisableScriptedObjects (0ms)
			BackupInstance (0ms)
			ReleaseScriptingObjects (0ms)
			CreateAndSetChildDomain (1ms)
		EndReloadAssembly (387ms)
			LoadAssemblies (68ms)
			RebuildTransferFunctionScriptingTraits (0ms)
			SetupTypeCache (101ms)
			ReleaseScriptCaches (0ms)
			RebuildScriptCaches (27ms)
			SetupLoadedEditorAssemblies (215ms)
				LogAssemblyErrors (0ms)
				InitializePlatformSupportModulesInManaged (6ms)
				SetLoadedEditorAssemblies (0ms)
				RefreshPlugins (37ms)
				BeforeProcessingInitializeOnLoad (1ms)
				ProcessInitializeOnLoadAttributes (131ms)
				ProcessInitializeOnLoadMethodAttributes (39ms)
				AfterProcessingInitializeOnLoad (0ms)
				EditorAssembliesLoaded (0ms)
			ExecutionOrderSort2 (0ms)
			AwakeInstancesAfterBackupRestoration (0ms)
Platform modules already initialized, skipping
Registering precompiled user dll's ...
Registered in 0.005535 seconds.
Begin MonoManager ReloadAssembly
Native extension for WindowsStandalone target not found
Refreshing native plugins compatible for Editor in 0.85 ms, found 2 plugins.
Preloading 0 native plugins for Editor in 0.00 ms.
Mono: successfully reloaded assembly
- Completed reload, in  1.002 seconds
Domain Reload Profiling:
	ReloadAssembly (1003ms)
		BeginReloadAssembly (102ms)
			ExecutionOrderSort (0ms)
			DisableScriptedObjects (6ms)
			BackupInstance (0ms)
			ReleaseScriptingObjects (0ms)
			CreateAndSetChildDomain (20ms)
		EndReloadAssembly (796ms)
			LoadAssemblies (68ms)
			RebuildTransferFunctionScriptingTraits (0ms)
			SetupTypeCache (188ms)
			ReleaseScriptCaches (1ms)
			RebuildScriptCaches (54ms)
			SetupLoadedEditorAssemblies (434ms)
				LogAssemblyErrors (0ms)
				InitializePlatformSupportModulesInManaged (5ms)
				SetLoadedEditorAssemblies (1ms)
				RefreshPlugins (1ms)
				BeforeProcessingInitializeOnLoad (65ms)
				ProcessInitializeOnLoadAttributes (320ms)
				ProcessInitializeOnLoadMethodAttributes (36ms)
				AfterProcessingInitializeOnLoad (6ms)
				EditorAssembliesLoaded (0ms)
			ExecutionOrderSort2 (0ms)
			AwakeInstancesAfterBackupRestoration (9ms)
Platform modules already initialized, skipping
========================================================================
Worker process is ready to serve import requests
Launched and connected shader compiler UnityShaderCompiler.exe after 0.04 seconds
Refreshing native plugins compatible for Editor in 0.83 ms, found 2 plugins.
Preloading 0 native plugins for Editor in 0.00 ms.
Unloading 2131 Unused Serialized files (Serialized files now loaded: 0)
Unloading 80 unused Assets / (117.6 KB). Loaded Objects now: 2589.
Memory consumption went from 90.6 MB to 90.5 MB.
Total: 4.087200 ms (FindLiveObjects: 0.271200 ms CreateObjectMapping: 0.052600 ms MarkObjects: 3.536900 ms  DeleteObjects: 0.224500 ms)

AssetImportParameters requested are different than current active one (requested -> active):
  custom:video-decoder-ogg-theora: a1e56fd34408186e4bbccfd4996cb3dc -> 
  custom:container-muxer-webm: aa71ff27fc2769a1b78a27578f13a17b -> 
  custom:container-demuxer-webm: 4f35f7cbe854078d1ac9338744f61a02 -> 
  custom:video-encoder-webm-vp8: eb34c28f22e8b96e1ab97ce403110664 -> 
  custom:audio-encoder-webm-vorbis: bf7c407c2cedff20999df2af8eb42d56 -> 
  custom:framework-win-MediaFoundation: 216162199b28c13a410421893ffa2e32 -> 
  custom:container-demuxer-ogg: 62fdf1f143b41e24485cea50d1cbac27 -> 
  custom:video-decoder-webm-vp8: 9c59270c3fd7afecdb556c50c9e8de78 -> 
  custom:audio-decoder-ogg-vorbis: bf7c407c2cedff20999df2af8eb42d56 -> 
========================================================================
Received Import Request.
  Time since last request: 522626.364515 seconds.
  path: Assets/Scripts/Networking/MessageExtensions.cs
  artifactKey: Guid(fd3570e3ea45e3143af4fd257dae5591) Importer(815301076,1909f56bfc062723c751e8b465ee728b)
Start importing Assets/Scripts/Networking/MessageExtensions.cs using Guid(fd3570e3ea45e3143af4fd257dae5591) Importer(815301076,1909f56bfc062723c751e8b465ee728b)  -> (artifact id: '788bc37e446e8abca3279553b8ce3b59') in 0.029652 seconds 
========================================================================
Received Import Request.
  Time since last request: 49.552372 seconds.
  path: Assets/ClientFiles/Scripts/Multiplayer
  artifactKey: Guid(0540af76b97c10143b04a399c7d7b914) Importer(815301076,1909f56bfc062723c751e8b465ee728b)
Start importing Assets/ClientFiles/Scripts/Multiplayer using Guid(0540af76b97c10143b04a399c7d7b914) Importer(815301076,1909f56bfc062723c751e8b465ee728b)  -> (artifact id: '01e14a1ffdc0a910454f54dd6d8d2b7e') in 0.007805 seconds 
========================================================================
Received Import Request.
  Time since last request: 9.547796 seconds.
  path: Assets/ClientFiles/Scripts/Multiplayer/RiptideNetworking.dll
  artifactKey: Guid(4a2b3bf68da40104e99c429f4b56e311) Importer(815301076,1909f56bfc062723c751e8b465ee728b)
Start importing Assets/ClientFiles/Scripts/Multiplayer/RiptideNetworking.dll using Guid(4a2b3bf68da40104e99c429f4b56e311) Importer(815301076,1909f56bfc062723c751e8b465ee728b)  -> (artifact id: 'e17c8ab22dee9ee1f4fe0fb88bd386b0') in 0.101805 seconds 
========================================================================
Received Import Request.
  Time since last request: 11.546531 seconds.
  path: Assets/ClientFiles/Scripts/Multiplayer/RiptideNetworking.xml
  artifactKey: Guid(c992ef43f6ff2e646ba6bf21db3dce59) Importer(815301076,1909f56bfc062723c751e8b465ee728b)
Start importing Assets/ClientFiles/Scripts/Multiplayer/RiptideNetworking.xml using Guid(c992ef43f6ff2e646ba6bf21db3dce59) Importer(815301076,1909f56bfc062723c751e8b465ee728b)  -> (artifact id: '6548daef57f8afe0c324c16af4cc038d') in 0.012557 seconds 
========================================================================
Received Import Request.
  Time since last request: 18.960442 seconds.
  path: Assets/ClientFiles/Scripts/ImportedScripts
  artifactKey: Guid(550471ef6a4b7e14b8d2dd3dba1a0d87) Importer(815301076,1909f56bfc062723c751e8b465ee728b)
Start importing Assets/ClientFiles/Scripts/ImportedScripts using Guid(550471ef6a4b7e14b8d2dd3dba1a0d87) Importer(815301076,1909f56bfc062723c751e8b465ee728b)  -> (artifact id: '2b74a34b5e2c89a00c783d5a5a74f8cb') in 0.006653 seconds 
========================================================================
Received Import Request.
  Time since last request: 3.149249 seconds.
  path: Assets/ClientFiles/Scripts/Multiplayer/UIManager.cs
  artifactKey: Guid(25ee8baa1cbb16f49bf9938c63571edd) Importer(815301076,1909f56bfc062723c751e8b465ee728b)
Start importing Assets/ClientFiles/Scripts/Multiplayer/UIManager.cs using Guid(25ee8baa1cbb16f49bf9938c63571edd) Importer(815301076,1909f56bfc062723c751e8b465ee728b)  -> (artifact id: '7afe60e512a21753ef2195bb64082442') in 0.006455 seconds 
========================================================================
Received Import Request.
  Time since last request: 15.772790 seconds.
  path: Assets/ClientFiles/Scripts/Game
  artifactKey: Guid(4981ad4f962201b40820f9586cee632e) Importer(815301076,1909f56bfc062723c751e8b465ee728b)
Start importing Assets/ClientFiles/Scripts/Game using Guid(4981ad4f962201b40820f9586cee632e) Importer(815301076,1909f56bfc062723c751e8b465ee728b)  -> (artifact id: 'df4c692cf5f617406a23cf4771a72574') in 0.012941 seconds 
========================================================================
Received Import Request.
  Time since last request: 1.360051 seconds.
  path: Assets/ClientFiles/Scripts/Game/PlayerMovement.cs
  artifactKey: Guid(8d7dfe96eb147d84bb2e03be558678e6) Importer(815301076,1909f56bfc062723c751e8b465ee728b)
Start importing Assets/ClientFiles/Scripts/Game/PlayerMovement.cs using Guid(8d7dfe96eb147d84bb2e03be558678e6) Importer(815301076,1909f56bfc062723c751e8b465ee728b)  -> (artifact id: 'f2ce5c92191d4bf5867f47abd444c9b2') in 0.006013 seconds 
========================================================================
Received Import Request.
  Time since last request: 34.117987 seconds.
  path: Assets/ClientFiles/Scripts/Interpolator.cs
  artifactKey: Guid(feab43a670893dc4586f3885ff7596ef) Importer(815301076,1909f56bfc062723c751e8b465ee728b)
Start importing Assets/ClientFiles/Scripts/Interpolator.cs using Guid(feab43a670893dc4586f3885ff7596ef) Importer(815301076,1909f56bfc062723c751e8b465ee728b)  -> (artifact id: '045183dd7eb3b033fdc4ffb8f7bb8cfd') in 0.003129 seconds 
========================================================================
Received Import Request.
  Time since last request: 13.179490 seconds.
  path: Assets/ClientFiles/Scripts/PauseMenu.cs
  artifactKey: Guid(950ac321c99a23e4ea38031b6ce36112) Importer(815301076,1909f56bfc062723c751e8b465ee728b)
Start importing Assets/ClientFiles/Scripts/PauseMenu.cs using Guid(950ac321c99a23e4ea38031b6ce36112) Importer(815301076,1909f56bfc062723c751e8b465ee728b)  -> (artifact id: 'c5ff228aefe39ac29dd7bba50f3e9251') in 0.015126 seconds 
========================================================================
Received Import Request.
  Time since last request: 0.711380 seconds.
  path: Assets/ClientFiles/Scripts/PlayerController.cs
  artifactKey: Guid(024889fb9371d61498757b0037502c5f) Importer(815301076,1909f56bfc062723c751e8b465ee728b)
Start importing Assets/ClientFiles/Scripts/PlayerController.cs using Guid(024889fb9371d61498757b0037502c5f) Importer(815301076,1909f56bfc062723c751e8b465ee728b)  -> (artifact id: 'b2da1a2da9c46accada7cedf666da872') in 0.013211 seconds 
========================================================================
Received Prepare
Registering precompiled user dll's ...
Registered in 0.004598 seconds.
Begin MonoManager ReloadAssembly
Native extension for WindowsStandalone target not found
Refreshing native plugins compatible for Editor in 0.74 ms, found 2 plugins.
Preloading 0 native plugins for Editor in 0.00 ms.
Warning: Annotation not found!
UnityEngine.StackTraceUtility:ExtractStackTrace ()
UnityEditor.ProBuilder.EditorUtility:SetGizmoIconEnabled (System.Type,bool) (at Library/PackageCache/com.unity.probuilder@5.0.3/Editor/EditorCore/EditorUtility.cs:575)
UnityEditor.ProBuilder.HierarchyListener:.cctor () (at Library/PackageCache/com.unity.probuilder@5.0.3/Editor/EditorCore/HierarchyListener.cs:21)
System.Runtime.CompilerServices.RuntimeHelpers:RunClassConstructor (System.RuntimeTypeHandle)
UnityEditor.EditorAssemblies:ProcessInitializeOnLoadAttributes (System.Type[])

[Library/PackageCache/com.unity.probuilder@5.0.3/Editor/EditorCore/EditorUtility.cs line 575]

Mono: successfully reloaded assembly
- Completed reload, in  0.961 seconds
Domain Reload Profiling:
	ReloadAssembly (962ms)
		BeginReloadAssembly (145ms)
			ExecutionOrderSort (0ms)
			DisableScriptedObjects (6ms)
			BackupInstance (0ms)
			ReleaseScriptingObjects (0ms)
			CreateAndSetChildDomain (39ms)
		EndReloadAssembly (722ms)
			LoadAssemblies (79ms)
			RebuildTransferFunctionScriptingTraits (0ms)
			SetupTypeCache (199ms)
			ReleaseScriptCaches (1ms)
			RebuildScriptCaches (41ms)
			SetupLoadedEditorAssemblies (373ms)
				LogAssemblyErrors (0ms)
				InitializePlatformSupportModulesInManaged (14ms)
				SetLoadedEditorAssemblies (0ms)
				RefreshPlugins (1ms)
				BeforeProcessingInitializeOnLoad (56ms)
				ProcessInitializeOnLoadAttributes (266ms)
				ProcessInitializeOnLoadMethodAttributes (32ms)
				AfterProcessingInitializeOnLoad (3ms)
				EditorAssembliesLoaded (0ms)
			ExecutionOrderSort2 (0ms)
			AwakeInstancesAfterBackupRestoration (8ms)
Platform modules already initialized, skipping
Refreshing native plugins compatible for Editor in 1.52 ms, found 2 plugins.
Preloading 0 native plugins for Editor in 0.00 ms.
Unloading 2091 Unused Serialized files (Serialized files now loaded: 0)
Unloading 22 unused Assets / (75.9 KB). Loaded Objects now: 2585.
Memory consumption went from 87.8 MB to 87.7 MB.
Total: 3.663200 ms (FindLiveObjects: 0.211300 ms CreateObjectMapping: 0.044600 ms MarkObjects: 3.277000 ms  DeleteObjects: 0.129000 ms)

AssetImportParameters requested are different than current active one (requested -> active):
  custom:video-decoder-ogg-theora: a1e56fd34408186e4bbccfd4996cb3dc -> 
  custom:container-muxer-webm: aa71ff27fc2769a1b78a27578f13a17b -> 
  custom:container-demuxer-webm: 4f35f7cbe854078d1ac9338744f61a02 -> 
  custom:video-encoder-webm-vp8: eb34c28f22e8b96e1ab97ce403110664 -> 
  custom:audio-encoder-webm-vorbis: bf7c407c2cedff20999df2af8eb42d56 -> 
  custom:framework-win-MediaFoundation: 216162199b28c13a410421893ffa2e32 -> 
  custom:container-demuxer-ogg: 62fdf1f143b41e24485cea50d1cbac27 -> 
  custom:video-decoder-webm-vp8: 9c59270c3fd7afecdb556c50c9e8de78 -> 
  custom:audio-decoder-ogg-vorbis: bf7c407c2cedff20999df2af8eb42d56 -> 
========================================================================
Received Import Request.
  Time since last request: 7.615429 seconds.
  path: Assets/ClientFiles/Scripts/TransformUpdate.cs
  artifactKey: Guid(7e998b5bfb8b7e34d8b2c8273f0b82ba) Importer(815301076,1909f56bfc062723c751e8b465ee728b)
Start importing Assets/ClientFiles/Scripts/TransformUpdate.cs using Guid(7e998b5bfb8b7e34d8b2c8273f0b82ba) Importer(815301076,1909f56bfc062723c751e8b465ee728b)  -> (artifact id: '513edff40f139317ffe457204a4dec27') in 0.011228 seconds 
========================================================================
Received Import Request.
  Time since last request: 2.626797 seconds.
  path: Assets/ClientFiles/Scripts/GameHandler
  artifactKey: Guid(1898d922bbc4868489e6b44a7f6254bd) Importer(815301076,1909f56bfc062723c751e8b465ee728b)
Start importing Assets/ClientFiles/Scripts/GameHandler using Guid(1898d922bbc4868489e6b44a7f6254bd) Importer(815301076,1909f56bfc062723c751e8b465ee728b)  -> (artifact id: '83024357579049cb11ce06e871ce61a9') in 0.018528 seconds 
========================================================================
Received Import Request.
  Time since last request: 34.103859 seconds.
  path: Assets/ClientFiles
  artifactKey: Guid(5ef1757476b581a4e97754f0d7c3c53f) Importer(815301076,1909f56bfc062723c751e8b465ee728b)
Start importing Assets/ClientFiles using Guid(5ef1757476b581a4e97754f0d7c3c53f) Importer(815301076,1909f56bfc062723c751e8b465ee728b)  -> (artifact id: 'cf63d093edf5e6fb8a2be1b09f8375db') in 0.006958 seconds 
========================================================================
Received Import Request.
  Time since last request: 2.936373 seconds.
  path: Assets/ClientFiles/Animations
  artifactKey: Guid(7d86840596877464bada353035b9281f) Importer(815301076,1909f56bfc062723c751e8b465ee728b)
Start importing Assets/ClientFiles/Animations using Guid(7d86840596877464bada353035b9281f) Importer(815301076,1909f56bfc062723c751e8b465ee728b)  -> (artifact id: 'b5d5986fe23e3736edd17b176884cc29') in 0.006392 seconds 
========================================================================
Received Import Request.
  Time since last request: 8.217111 seconds.
  path: Assets/ClientFiles/Art
  artifactKey: Guid(97be42663e1229c4cae52d84eef49a73) Importer(815301076,1909f56bfc062723c751e8b465ee728b)
Start importing Assets/ClientFiles/Art using Guid(97be42663e1229c4cae52d84eef49a73) Importer(815301076,1909f56bfc062723c751e8b465ee728b)  -> (artifact id: '7d8ae8c987ddda72e751876e47909669') in 0.007167 seconds 
========================================================================
Received Import Request.
  Time since last request: 6.472377 seconds.
  path: Assets/ClientFiles/Imported Assets
  artifactKey: Guid(e096da9ce3e01f44bad628bcacaa2018) Importer(815301076,1909f56bfc062723c751e8b465ee728b)
Start importing Assets/ClientFiles/Imported Assets using Guid(e096da9ce3e01f44bad628bcacaa2018) Importer(815301076,1909f56bfc062723c751e8b465ee728b)  -> (artifact id: 'df08725e10f06d4e2c3225e66e6b5796') in 0.006828 seconds 
========================================================================
Received Prepare
Registering precompiled user dll's ...
Registered in 0.003473 seconds.
Begin MonoManager ReloadAssembly
Native extension for WindowsStandalone target not found
Refreshing native plugins compatible for Editor in 0.85 ms, found 2 plugins.
Preloading 0 native plugins for Editor in 0.00 ms.
Warning: Annotation not found!
UnityEngine.StackTraceUtility:ExtractStackTrace ()
UnityEditor.ProBuilder.EditorUtility:SetGizmoIconEnabled (System.Type,bool) (at Library/PackageCache/com.unity.probuilder@5.0.3/Editor/EditorCore/EditorUtility.cs:575)
UnityEditor.ProBuilder.HierarchyListener:.cctor () (at Library/PackageCache/com.unity.probuilder@5.0.3/Editor/EditorCore/HierarchyListener.cs:21)
System.Runtime.CompilerServices.RuntimeHelpers:RunClassConstructor (System.RuntimeTypeHandle)
UnityEditor.EditorAssemblies:ProcessInitializeOnLoadAttributes (System.Type[])

[Library/PackageCache/com.unity.probuilder@5.0.3/Editor/EditorCore/EditorUtility.cs line 575]

Mono: successfully reloaded assembly
- Completed reload, in  0.902 seconds
Domain Reload Profiling:
	ReloadAssembly (903ms)
		BeginReloadAssembly (130ms)
			ExecutionOrderSort (0ms)
			DisableScriptedObjects (6ms)
			BackupInstance (0ms)
			ReleaseScriptingObjects (0ms)
			CreateAndSetChildDomain (32ms)
		EndReloadAssembly (679ms)
			LoadAssemblies (68ms)
			RebuildTransferFunctionScriptingTraits (0ms)
			SetupTypeCache (180ms)
			ReleaseScriptCaches (1ms)
			RebuildScriptCaches (39ms)
			SetupLoadedEditorAssemblies (359ms)
				LogAssemblyErrors (0ms)
				InitializePlatformSupportModulesInManaged (14ms)
				SetLoadedEditorAssemblies (1ms)
				RefreshPlugins (1ms)
				BeforeProcessingInitializeOnLoad (45ms)
				ProcessInitializeOnLoadAttributes (267ms)
				ProcessInitializeOnLoadMethodAttributes (29ms)
				AfterProcessingInitializeOnLoad (3ms)
				EditorAssembliesLoaded (0ms)
			ExecutionOrderSort2 (0ms)
			AwakeInstancesAfterBackupRestoration (7ms)
Platform modules already initialized, skipping
Refreshing native plugins compatible for Editor in 1.30 ms, found 2 plugins.
Preloading 0 native plugins for Editor in 0.00 ms.
Unloading 2091 Unused Serialized files (Serialized files now loaded: 0)
Unloading 14 unused Assets / (83.5 KB). Loaded Objects now: 2588.
Memory consumption went from 87.8 MB to 87.7 MB.
Total: 3.266000 ms (FindLiveObjects: 0.242300 ms CreateObjectMapping: 0.046600 ms MarkObjects: 2.826900 ms  DeleteObjects: 0.148500 ms)

AssetImportParameters requested are different than current active one (requested -> active):
  custom:video-decoder-ogg-theora: a1e56fd34408186e4bbccfd4996cb3dc -> 
  custom:container-muxer-webm: aa71ff27fc2769a1b78a27578f13a17b -> 
  custom:container-demuxer-webm: 4f35f7cbe854078d1ac9338744f61a02 -> 
  custom:video-encoder-webm-vp8: eb34c28f22e8b96e1ab97ce403110664 -> 
  custom:audio-encoder-webm-vorbis: bf7c407c2cedff20999df2af8eb42d56 -> 
  custom:framework-win-MediaFoundation: 216162199b28c13a410421893ffa2e32 -> 
  custom:container-demuxer-ogg: 62fdf1f143b41e24485cea50d1cbac27 -> 
  custom:video-decoder-webm-vp8: 9c59270c3fd7afecdb556c50c9e8de78 -> 
  custom:audio-decoder-ogg-vorbis: bf7c407c2cedff20999df2af8eb42d56 -> 
========================================================================
Received Import Request.
  Time since last request: 14.450792 seconds.
  path: Assets/ClientFiles/Prefabs
  artifactKey: Guid(38bb0b30847d5cd4eaf75962ab62103f) Importer(815301076,1909f56bfc062723c751e8b465ee728b)
Start importing Assets/ClientFiles/Prefabs using Guid(38bb0b30847d5cd4eaf75962ab62103f) Importer(815301076,1909f56bfc062723c751e8b465ee728b)  -> (artifact id: '4424ee6db9e2f2ac73bdbc34596cd3a8') in 0.016352 seconds 
========================================================================
Received Prepare
Registering precompiled user dll's ...
Registered in 0.004136 seconds.
Begin MonoManager ReloadAssembly
Native extension for WindowsStandalone target not found
Refreshing native plugins compatible for Editor in 0.79 ms, found 2 plugins.
Preloading 0 native plugins for Editor in 0.00 ms.
Warning: Annotation not found!
UnityEngine.StackTraceUtility:ExtractStackTrace ()
UnityEditor.ProBuilder.EditorUtility:SetGizmoIconEnabled (System.Type,bool) (at Library/PackageCache/com.unity.probuilder@5.0.3/Editor/EditorCore/EditorUtility.cs:575)
UnityEditor.ProBuilder.HierarchyListener:.cctor () (at Library/PackageCache/com.unity.probuilder@5.0.3/Editor/EditorCore/HierarchyListener.cs:21)
System.Runtime.CompilerServices.RuntimeHelpers:RunClassConstructor (System.RuntimeTypeHandle)
UnityEditor.EditorAssemblies:ProcessInitializeOnLoadAttributes (System.Type[])

[Library/PackageCache/com.unity.probuilder@5.0.3/Editor/EditorCore/EditorUtility.cs line 575]

Mono: successfully reloaded assembly
- Completed reload, in  0.873 seconds
Domain Reload Profiling:
	ReloadAssembly (874ms)
		BeginReloadAssembly (130ms)
			ExecutionOrderSort (0ms)
			DisableScriptedObjects (5ms)
			BackupInstance (0ms)
			ReleaseScriptingObjects (0ms)
			CreateAndSetChildDomain (33ms)
		EndReloadAssembly (642ms)
			LoadAssemblies (67ms)
			RebuildTransferFunctionScriptingTraits (0ms)
			SetupTypeCache (174ms)
			ReleaseScriptCaches (2ms)
			RebuildScriptCaches (39ms)
			SetupLoadedEditorAssemblies (313ms)
				LogAssemblyErrors (0ms)
				InitializePlatformSupportModulesInManaged (12ms)
				SetLoadedEditorAssemblies (1ms)
				RefreshPlugins (1ms)
				BeforeProcessingInitializeOnLoad (46ms)
				ProcessInitializeOnLoadAttributes (221ms)
				ProcessInitializeOnLoadMethodAttributes (29ms)
				AfterProcessingInitializeOnLoad (3ms)
				EditorAssembliesLoaded (0ms)
			ExecutionOrderSort2 (0ms)
			AwakeInstancesAfterBackupRestoration (6ms)
Platform modules already initialized, skipping
Refreshing native plugins compatible for Editor in 1.45 ms, found 2 plugins.
Preloading 0 native plugins for Editor in 0.00 ms.
Unloading 2091 Unused Serialized files (Serialized files now loaded: 0)
Unloading 14 unused Assets / (76.1 KB). Loaded Objects now: 2591.
Memory consumption went from 87.8 MB to 87.7 MB.
Total: 3.230400 ms (FindLiveObjects: 0.238100 ms CreateObjectMapping: 0.061100 ms MarkObjects: 2.830200 ms  DeleteObjects: 0.100000 ms)

AssetImportParameters requested are different than current active one (requested -> active):
  custom:video-decoder-ogg-theora: a1e56fd34408186e4bbccfd4996cb3dc -> 
  custom:container-muxer-webm: aa71ff27fc2769a1b78a27578f13a17b -> 
  custom:container-demuxer-webm: 4f35f7cbe854078d1ac9338744f61a02 -> 
  custom:video-encoder-webm-vp8: eb34c28f22e8b96e1ab97ce403110664 -> 
  custom:audio-encoder-webm-vorbis: bf7c407c2cedff20999df2af8eb42d56 -> 
  custom:framework-win-MediaFoundation: 216162199b28c13a410421893ffa2e32 -> 
  custom:container-demuxer-ogg: 62fdf1f143b41e24485cea50d1cbac27 -> 
  custom:video-decoder-webm-vp8: 9c59270c3fd7afecdb556c50c9e8de78 -> 
  custom:audio-decoder-ogg-vorbis: bf7c407c2cedff20999df2af8eb42d56 -> 
========================================================================
Received Import Request.
  Time since last request: 4.145770 seconds.
  path: Assets/ClientFiles/Prefabs/Game
  artifactKey: Guid(9cbcbcc98d5538348b0f6f3b01248ebb) Importer(815301076,1909f56bfc062723c751e8b465ee728b)
Start importing Assets/ClientFiles/Prefabs/Game using Guid(9cbcbcc98d5538348b0f6f3b01248ebb) Importer(815301076,1909f56bfc062723c751e8b465ee728b)  -> (artifact id: '18e8587a7c76c6827cdd79dc62f7846d') in 0.021758 seconds 
========================================================================
Received Import Request.
  Time since last request: 4.432354 seconds.
  path: Assets/ClientFiles/Prefabs/AdrienTestingScene.prefab
  artifactKey: Guid(3aac3ecdca065a44489408b01531a134) Importer(815301076,1909f56bfc062723c751e8b465ee728b)
Start importing Assets/ClientFiles/Prefabs/AdrienTestingScene.prefab using Guid(3aac3ecdca065a44489408b01531a134) Importer(815301076,1909f56bfc062723c751e8b465ee728b)  -> (artifact id: 'c87af5b9dcdaaedcce6d820575731aaa') in 0.803932 seconds 
========================================================================
Received Import Request.
  Time since last request: 2.771056 seconds.
  path: Assets/ClientFiles/Prefabs/Player.prefab
  artifactKey: Guid(d70fc7894b30aec4ca4b878cc5168868) Importer(815301076,1909f56bfc062723c751e8b465ee728b)
Start importing Assets/ClientFiles/Prefabs/Player.prefab using Guid(d70fc7894b30aec4ca4b878cc5168868) Importer(815301076,1909f56bfc062723c751e8b465ee728b)  -> (artifact id: '2a3dc50340d2e5a9019615b80003de39') in 0.016756 seconds 
========================================================================
Received Import Request.
  Time since last request: 2.161897 seconds.
  path: Assets/ClientFiles/Scenes
  artifactKey: Guid(e741ed84f10a5da4cb636fa45d78e2b6) Importer(815301076,1909f56bfc062723c751e8b465ee728b)
Start importing Assets/ClientFiles/Scenes using Guid(e741ed84f10a5da4cb636fa45d78e2b6) Importer(815301076,1909f56bfc062723c751e8b465ee728b)  -> (artifact id: '3819c4475a197a540e3e891190b7db0a') in 0.006650 seconds 
========================================================================
Received Import Request.
  Time since last request: 1.521694 seconds.
  path: Assets/ClientFiles/Scripts
  artifactKey: Guid(51e2a35549cf4f449b089c5fcbe2413c) Importer(815301076,1909f56bfc062723c751e8b465ee728b)
Start importing Assets/ClientFiles/Scripts using Guid(51e2a35549cf4f449b089c5fcbe2413c) Importer(815301076,1909f56bfc062723c751e8b465ee728b)  -> (artifact id: 'dc079a9ba6d64d48a82ea8d5446b0cd8') in 0.005868 seconds 
========================================================================
Received Import Request.
  Time since last request: 2.472966 seconds.
  path: Assets/ClientFiles/Scripts/Animation
  artifactKey: Guid(f67850c81bc72254883dcc6f5df40ad7) Importer(815301076,1909f56bfc062723c751e8b465ee728b)
Start importing Assets/ClientFiles/Scripts/Animation using Guid(f67850c81bc72254883dcc6f5df40ad7) Importer(815301076,1909f56bfc062723c751e8b465ee728b)  -> (artifact id: '3df3068ee2b4807d52407c72d17b825e') in 0.018184 seconds 
========================================================================
Received Import Request.
  Time since last request: 3.502054 seconds.
  path: Assets/ClientFiles/Testing
  artifactKey: Guid(4ec76d90306533b4ab11ec17b411d2c0) Importer(815301076,1909f56bfc062723c751e8b465ee728b)
Start importing Assets/ClientFiles/Testing using Guid(4ec76d90306533b4ab11ec17b411d2c0) Importer(815301076,1909f56bfc062723c751e8b465ee728b)  -> (artifact id: '7fd5e2f2145f842d893102cd366725e5') in 0.024255 seconds 
========================================================================
Received Import Request.
  Time since last request: 1.177378 seconds.
  path: Assets/ClientFiles/Testing/TestingMovement.cs
  artifactKey: Guid(a317ea095771b374782a07ed49f60263) Importer(815301076,1909f56bfc062723c751e8b465ee728b)
Start importing Assets/ClientFiles/Testing/TestingMovement.cs using Guid(a317ea095771b374782a07ed49f60263) Importer(815301076,1909f56bfc062723c751e8b465ee728b)  -> (artifact id: '70a612947e5938c014acc68236ddf2bd') in 0.012869 seconds 
========================================================================
Received Prepare
Registering precompiled user dll's ...
Registered in 0.003394 seconds.
Begin MonoManager ReloadAssembly
Native extension for WindowsStandalone target not found
Refreshing native plugins compatible for Editor in 0.55 ms, found 2 plugins.
Preloading 0 native plugins for Editor in 0.00 ms.
Warning: Annotation not found!
UnityEngine.StackTraceUtility:ExtractStackTrace ()
UnityEditor.ProBuilder.EditorUtility:SetGizmoIconEnabled (System.Type,bool) (at Library/PackageCache/com.unity.probuilder@5.0.3/Editor/EditorCore/EditorUtility.cs:575)
UnityEditor.ProBuilder.HierarchyListener:.cctor () (at Library/PackageCache/com.unity.probuilder@5.0.3/Editor/EditorCore/HierarchyListener.cs:21)
System.Runtime.CompilerServices.RuntimeHelpers:RunClassConstructor (System.RuntimeTypeHandle)
UnityEditor.EditorAssemblies:ProcessInitializeOnLoadAttributes (System.Type[])

[Library/PackageCache/com.unity.probuilder@5.0.3/Editor/EditorCore/EditorUtility.cs line 575]

Mono: successfully reloaded assembly
- Completed reload, in  0.859 seconds
Domain Reload Profiling:
	ReloadAssembly (860ms)
		BeginReloadAssembly (132ms)
			ExecutionOrderSort (0ms)
			DisableScriptedObjects (4ms)
			BackupInstance (0ms)
			ReleaseScriptingObjects (0ms)
			CreateAndSetChildDomain (34ms)
		EndReloadAssembly (628ms)
			LoadAssemblies (74ms)
			RebuildTransferFunctionScriptingTraits (0ms)
			SetupTypeCache (174ms)
			ReleaseScriptCaches (1ms)
			RebuildScriptCaches (39ms)
			SetupLoadedEditorAssemblies (316ms)
				LogAssemblyErrors (0ms)
				InitializePlatformSupportModulesInManaged (10ms)
				SetLoadedEditorAssemblies (0ms)
				RefreshPlugins (1ms)
				BeforeProcessingInitializeOnLoad (46ms)
				ProcessInitializeOnLoadAttributes (226ms)
				ProcessInitializeOnLoadMethodAttributes (29ms)
				AfterProcessingInitializeOnLoad (3ms)
				EditorAssembliesLoaded (0ms)
			ExecutionOrderSort2 (0ms)
			AwakeInstancesAfterBackupRestoration (7ms)
Platform modules already initialized, skipping
Refreshing native plugins compatible for Editor in 1.42 ms, found 2 plugins.
Preloading 0 native plugins for Editor in 0.00 ms.
Unloading 2090 Unused Serialized files (Serialized files now loaded: 0)
Unloading 15 unused Assets / (61.0 KB). Loaded Objects now: 2603.
Memory consumption went from 105.1 MB to 105.0 MB.
Total: 3.358000 ms (FindLiveObjects: 0.218700 ms CreateObjectMapping: 0.042900 ms MarkObjects: 2.961000 ms  DeleteObjects: 0.134400 ms)

AssetImportParameters requested are different than current active one (requested -> active):
  custom:video-decoder-ogg-theora: a1e56fd34408186e4bbccfd4996cb3dc -> 
  custom:container-muxer-webm: aa71ff27fc2769a1b78a27578f13a17b -> 
  custom:container-demuxer-webm: 4f35f7cbe854078d1ac9338744f61a02 -> 
  custom:video-encoder-webm-vp8: eb34c28f22e8b96e1ab97ce403110664 -> 
  custom:audio-encoder-webm-vorbis: bf7c407c2cedff20999df2af8eb42d56 -> 
  custom:framework-win-MediaFoundation: 216162199b28c13a410421893ffa2e32 -> 
  custom:container-demuxer-ogg: 62fdf1f143b41e24485cea50d1cbac27 -> 
  custom:video-decoder-webm-vp8: 9c59270c3fd7afecdb556c50c9e8de78 -> 
  custom:audio-decoder-ogg-vorbis: bf7c407c2cedff20999df2af8eb42d56 -> 
