Using pre-set license
Built from '2021.3/staging' branch; Version is '2021.3.8f1 (b30333d56e81) revision 11731763'; Using compiler version '192829333'; Build Type 'Release'
OS: 'Windows 11  (10.0.22621) 64bit Core' Language: 'en' Physical Memory: 32509 MB
BatchMode: 1, IsHumanControllingUs: 0, StartBugReporterOnCrash: 0, Is64bit: 1, IsPro: 1

COMMAND LINE ARGUMENTS:
C:\Program Files\Unity\Hub\Editor\2021.3.8f1\Editor\Unity.exe
-adb2
-batchMode
-noUpm
-name
AssetImportWorker3
-projectPath
C:/Users/katsu/Desktop/Tafe Diploma 2.0/it-Brettney-Batch/Client
-logFile
Logs/AssetImportWorker3.log
-srvPort
63004
Successfully changed project path to: C:/Users/katsu/Desktop/Tafe Diploma 2.0/it-Brettney-Batch/Client
C:/Users/katsu/Desktop/Tafe Diploma 2.0/it-Brettney-Batch/Client
[UnityMemory] Configuration Parameters - Can be set up in boot.config
    "memorysetup-bucket-allocator-granularity=16"
    "memorysetup-bucket-allocator-bucket-count=8"
    "memorysetup-bucket-allocator-block-size=33554432"
    "memorysetup-bucket-allocator-block-count=8"
    "memorysetup-main-allocator-block-size=16777216"
    "memorysetup-thread-allocator-block-size=16777216"
    "memorysetup-gfx-main-allocator-block-size=16777216"
    "memorysetup-gfx-thread-allocator-block-size=16777216"
    "memorysetup-cache-allocator-block-size=4194304"
    "memorysetup-typetree-allocator-block-size=2097152"
    "memorysetup-profiler-bucket-allocator-granularity=16"
    "memorysetup-profiler-bucket-allocator-bucket-count=8"
    "memorysetup-profiler-bucket-allocator-block-size=33554432"
    "memorysetup-profiler-bucket-allocator-block-count=8"
    "memorysetup-profiler-allocator-block-size=16777216"
    "memorysetup-profiler-editor-allocator-block-size=1048576"
    "memorysetup-temp-allocator-size-main=16777216"
    "memorysetup-job-temp-allocator-block-size=2097152"
    "memorysetup-job-temp-allocator-block-size-background=1048576"
    "memorysetup-job-temp-allocator-reduction-small-platforms=262144"
    "memorysetup-temp-allocator-size-background-worker=32768"
    "memorysetup-temp-allocator-size-job-worker=262144"
    "memorysetup-temp-allocator-size-preload-manager=33554432"
    "memorysetup-temp-allocator-size-nav-mesh-worker=65536"
    "memorysetup-temp-allocator-size-audio-worker=65536"
    "memorysetup-temp-allocator-size-cloud-worker=32768"
    "memorysetup-temp-allocator-size-gi-baking-worker=262144"
    "memorysetup-temp-allocator-size-gfx=262144"
Refreshing native plugins compatible for Editor in 27.85 ms, found 2 plugins.
Preloading 0 native plugins for Editor in 0.00 ms.
Initialize engine version: 2021.3.8f1 (b30333d56e81)
[Subsystems] Discovering subsystems at path C:/Program Files/Unity/Hub/Editor/2021.3.8f1/Editor/Data/Resources/UnitySubsystems
[Subsystems] Discovering subsystems at path C:/Users/katsu/Desktop/Tafe Diploma 2.0/it-Brettney-Batch/Client/Assets
GfxDevice: creating device client; threaded=0; jobified=0
Direct3D:
    Version:  Direct3D 11.0 [level 11.1]
    Renderer: NVIDIA GeForce RTX 3080 Laptop GPU (ID=0x249c)
    Vendor:   NVIDIA
    VRAM:     16191 MB
    Driver:   31.0.15.2698
Initialize mono
Mono path[0] = 'C:/Program Files/Unity/Hub/Editor/2021.3.8f1/Editor/Data/Managed'
Mono path[1] = 'C:/Program Files/Unity/Hub/Editor/2021.3.8f1/Editor/Data/MonoBleedingEdge/lib/mono/unityjit-win32'
Mono config path = 'C:/Program Files/Unity/Hub/Editor/2021.3.8f1/Editor/Data/MonoBleedingEdge/etc'
Using monoOptions --debugger-agent=transport=dt_socket,embedding=1,server=y,suspend=n,address=127.0.0.1:56544
Begin MonoManager ReloadAssembly
Registering precompiled unity dll's ...
Register platform support module: C:/Program Files/Unity/Hub/Editor/2021.3.8f1/Editor/Data/PlaybackEngines/AndroidPlayer/UnityEditor.Android.Extensions.dll
Register platform support module: C:/Program Files/Unity/Hub/Editor/2021.3.8f1/Editor/Data/PlaybackEngines/WindowsStandaloneSupport/UnityEditor.WindowsStandalone.Extensions.dll
Registered in 0.003592 seconds.
Native extension for WindowsStandalone target not found
Native extension for Android target not found
Refreshing native plugins compatible for Editor in 29.34 ms, found 2 plugins.
Preloading 0 native plugins for Editor in 0.00 ms.
Mono: successfully reloaded assembly
- Completed reload, in  0.490 seconds
Domain Reload Profiling:
	ReloadAssembly (491ms)
		BeginReloadAssembly (57ms)
			ExecutionOrderSort (0ms)
			DisableScriptedObjects (0ms)
			BackupInstance (0ms)
			ReleaseScriptingObjects (0ms)
			CreateAndSetChildDomain (1ms)
		EndReloadAssembly (350ms)
			LoadAssemblies (56ms)
			RebuildTransferFunctionScriptingTraits (0ms)
			SetupTypeCache (92ms)
			ReleaseScriptCaches (0ms)
			RebuildScriptCaches (25ms)
			SetupLoadedEditorAssemblies (194ms)
				LogAssemblyErrors (0ms)
				InitializePlatformSupportModulesInManaged (43ms)
				SetLoadedEditorAssemblies (0ms)
				RefreshPlugins (29ms)
				BeforeProcessingInitializeOnLoad (1ms)
				ProcessInitializeOnLoadAttributes (82ms)
				ProcessInitializeOnLoadMethodAttributes (38ms)
				AfterProcessingInitializeOnLoad (0ms)
				EditorAssembliesLoaded (0ms)
			ExecutionOrderSort2 (0ms)
			AwakeInstancesAfterBackupRestoration (0ms)
Platform modules already initialized, skipping
Registering precompiled user dll's ...
Registered in 0.003364 seconds.
Begin MonoManager ReloadAssembly
Native extension for WindowsStandalone target not found
Native extension for Android target not found
Refreshing native plugins compatible for Editor in 0.43 ms, found 2 plugins.
Preloading 0 native plugins for Editor in 0.00 ms.
Mono: successfully reloaded assembly
- Completed reload, in  0.888 seconds
Domain Reload Profiling:
	ReloadAssembly (888ms)
		BeginReloadAssembly (202ms)
			ExecutionOrderSort (0ms)
			DisableScriptedObjects (5ms)
			BackupInstance (0ms)
			ReleaseScriptingObjects (0ms)
			CreateAndSetChildDomain (126ms)
		EndReloadAssembly (576ms)
			LoadAssemblies (58ms)
			RebuildTransferFunctionScriptingTraits (0ms)
			SetupTypeCache (146ms)
			ReleaseScriptCaches (0ms)
			RebuildScriptCaches (38ms)
			SetupLoadedEditorAssemblies (307ms)
				LogAssemblyErrors (0ms)
				InitializePlatformSupportModulesInManaged (11ms)
				SetLoadedEditorAssemblies (0ms)
				RefreshPlugins (0ms)
				BeforeProcessingInitializeOnLoad (49ms)
				ProcessInitializeOnLoadAttributes (222ms)
				ProcessInitializeOnLoadMethodAttributes (20ms)
				AfterProcessingInitializeOnLoad (4ms)
				EditorAssembliesLoaded (0ms)
			ExecutionOrderSort2 (0ms)
			AwakeInstancesAfterBackupRestoration (4ms)
Platform modules already initialized, skipping
========================================================================
Worker process is ready to serve import requests
Launched and connected shader compiler UnityShaderCompiler.exe after 0.03 seconds
Refreshing native plugins compatible for Editor in 0.40 ms, found 2 plugins.
Preloading 0 native plugins for Editor in 0.00 ms.
Unloading 2119 Unused Serialized files (Serialized files now loaded: 0)
Unloading 83 unused Assets / (102.5 KB). Loaded Objects now: 2581.
Memory consumption went from 91.4 MB to 91.3 MB.
Total: 2.677300 ms (FindLiveObjects: 0.156100 ms CreateObjectMapping: 0.042700 ms MarkObjects: 2.326000 ms  DeleteObjects: 0.151600 ms)

AssetImportParameters requested are different than current active one (requested -> active):
  custom:video-decoder-ogg-theora: a1e56fd34408186e4bbccfd4996cb3dc -> 
  custom:container-muxer-webm: aa71ff27fc2769a1b78a27578f13a17b -> 
  custom:container-demuxer-webm: 4f35f7cbe854078d1ac9338744f61a02 -> 
  custom:video-encoder-webm-vp8: eb34c28f22e8b96e1ab97ce403110664 -> 
  custom:audio-encoder-webm-vorbis: bf7c407c2cedff20999df2af8eb42d56 -> 
  custom:framework-win-MediaFoundation: 216162199b28c13a410421893ffa2e32 -> 
  custom:container-demuxer-ogg: 62fdf1f143b41e24485cea50d1cbac27 -> 
  custom:video-decoder-webm-vp8: 9c59270c3fd7afecdb556c50c9e8de78 -> 
  custom:audio-decoder-ogg-vorbis: bf7c407c2cedff20999df2af8eb42d56 -> 
========================================================================
Received Import Request.
  Time since last request: 3411.878916 seconds.
  path: Assets/Art/Great Sword Pack/draw a great sword 2.fbx
  artifactKey: Guid(87481c6d1c3b63a498dd236807362e4d) Importer(815301076,1909f56bfc062723c751e8b465ee728b)
Start importing Assets/Art/Great Sword Pack/draw a great sword 2.fbx using Guid(87481c6d1c3b63a498dd236807362e4d) Importer(815301076,1909f56bfc062723c751e8b465ee728b)  -> (artifact id: '6e28e27a078284e78c96796b5f8acc08') in 0.057269 seconds 
========================================================================
Received Import Request.
  Time since last request: 0.000023 seconds.
  path: Assets/Art/Great Sword Pack/great sword impact (2).fbx
  artifactKey: Guid(d80c926659ca75349b46d08cabf114f2) Importer(815301076,1909f56bfc062723c751e8b465ee728b)
Start importing Assets/Art/Great Sword Pack/great sword impact (2).fbx using Guid(d80c926659ca75349b46d08cabf114f2) Importer(815301076,1909f56bfc062723c751e8b465ee728b)  -> (artifact id: '321315ce90dd589f0bdddb6b64365d85') in 0.014262 seconds 
========================================================================
Received Import Request.
  Time since last request: 0.000024 seconds.
  path: Assets/Art/Great Sword Pack/great sword crouching (3).fbx
  artifactKey: Guid(b9e47f65053bb4d49b50ca80bf53c909) Importer(815301076,1909f56bfc062723c751e8b465ee728b)
Start importing Assets/Art/Great Sword Pack/great sword crouching (3).fbx using Guid(b9e47f65053bb4d49b50ca80bf53c909) Importer(815301076,1909f56bfc062723c751e8b465ee728b)  -> (artifact id: 'f120d9c5ccb85c473c327181d15c5575') in 0.014096 seconds 
========================================================================
Received Import Request.
  Time since last request: 0.000022 seconds.
  path: Assets/Art/Great Sword Pack/great sword strafe.fbx
  artifactKey: Guid(63addc9c19f52f44e9ff64316b93e6f0) Importer(815301076,1909f56bfc062723c751e8b465ee728b)
Start importing Assets/Art/Great Sword Pack/great sword strafe.fbx using Guid(63addc9c19f52f44e9ff64316b93e6f0) Importer(815301076,1909f56bfc062723c751e8b465ee728b)  -> (artifact id: 'a8e8cf33803109da52f1052c6cd5b868') in 0.015751 seconds 
========================================================================
Received Import Request.
  Time since last request: 0.000021 seconds.
  path: Assets/Art/Great Sword Pack/spell cast.fbx
  artifactKey: Guid(7a0c6da05f0ac4f45952af3c00e95513) Importer(815301076,1909f56bfc062723c751e8b465ee728b)
Start importing Assets/Art/Great Sword Pack/spell cast.fbx using Guid(7a0c6da05f0ac4f45952af3c00e95513) Importer(815301076,1909f56bfc062723c751e8b465ee728b)  -> (artifact id: '022e8a6561bcab12498a97387cdd756e') in 0.013076 seconds 
========================================================================
Received Import Request.
  Time since last request: 0.000018 seconds.
  path: Assets/Art/Great Sword Pack/great sword strafe (3).fbx
  artifactKey: Guid(5c83167501d398f4880b4d8b7c25a1e9) Importer(815301076,1909f56bfc062723c751e8b465ee728b)
Start importing Assets/Art/Great Sword Pack/great sword strafe (3).fbx using Guid(5c83167501d398f4880b4d8b7c25a1e9) Importer(815301076,1909f56bfc062723c751e8b465ee728b)  -> (artifact id: '52f06b75309b5948c2385e80fb87e0b2') in 0.013857 seconds 
========================================================================
Received Import Request.
  Time since last request: 0.000018 seconds.
  path: Assets/Art/Great Sword Pack/great sword turn.fbx
  artifactKey: Guid(1aa042b341ba41745a264169e34f9498) Importer(815301076,1909f56bfc062723c751e8b465ee728b)
Start importing Assets/Art/Great Sword Pack/great sword turn.fbx using Guid(1aa042b341ba41745a264169e34f9498) Importer(815301076,1909f56bfc062723c751e8b465ee728b)  -> (artifact id: '0b5d99011fa2147db45b148da6e388bb') in 0.015110 seconds 
========================================================================
Received Import Request.
  Time since last request: 0.000031 seconds.
  path: Assets/Art/Great Sword Pack/great sword high spin attack.fbx
  artifactKey: Guid(3b882e6f61e83754784d49b6f61a4dd5) Importer(815301076,1909f56bfc062723c751e8b465ee728b)
Start importing Assets/Art/Great Sword Pack/great sword high spin attack.fbx using Guid(3b882e6f61e83754784d49b6f61a4dd5) Importer(815301076,1909f56bfc062723c751e8b465ee728b)  -> (artifact id: '3e13d4f9a2bafb3ace6415ae8e44c1b3') in 0.016050 seconds 
========================================================================
Received Import Request.
  Time since last request: 0.000025 seconds.
  path: Assets/Art/Great Sword Pack/great sword crouching (4).fbx
  artifactKey: Guid(37e683aafe8f9854fb03821e53b31450) Importer(815301076,1909f56bfc062723c751e8b465ee728b)
Start importing Assets/Art/Great Sword Pack/great sword crouching (4).fbx using Guid(37e683aafe8f9854fb03821e53b31450) Importer(815301076,1909f56bfc062723c751e8b465ee728b)  -> (artifact id: '86c728e69ad846bcdda1ca78fb6f667d') in 0.014518 seconds 
========================================================================
Received Import Request.
  Time since last request: 0.000020 seconds.
  path: Assets/Art/Great Sword Pack/great sword blocking (3).fbx
  artifactKey: Guid(3591bc071e9381b4e903972a33466f91) Importer(815301076,1909f56bfc062723c751e8b465ee728b)
Start importing Assets/Art/Great Sword Pack/great sword blocking (3).fbx using Guid(3591bc071e9381b4e903972a33466f91) Importer(815301076,1909f56bfc062723c751e8b465ee728b)  -> (artifact id: '4fb58d31e434cd8e1dfaa7ab9a876203') in 0.016454 seconds 
========================================================================
Received Import Request.
  Time since last request: 0.000024 seconds.
  path: Assets/Art/Great Sword Pack/great sword slash.fbx
  artifactKey: Guid(3f0729fa7acecec429522a0962fe6aaf) Importer(815301076,1909f56bfc062723c751e8b465ee728b)
Start importing Assets/Art/Great Sword Pack/great sword slash.fbx using Guid(3f0729fa7acecec429522a0962fe6aaf) Importer(815301076,1909f56bfc062723c751e8b465ee728b)  -> (artifact id: 'fcded7c74deefc88fcb27cccad09f613') in 0.014394 seconds 
========================================================================
Received Import Request.
  Time since last request: 0.000018 seconds.
  path: Assets/Art/Great Sword Pack/great sword kick.fbx
  artifactKey: Guid(0351fdafd18e62644b0c75abe0b34d83) Importer(815301076,1909f56bfc062723c751e8b465ee728b)
Start importing Assets/Art/Great Sword Pack/great sword kick.fbx using Guid(0351fdafd18e62644b0c75abe0b34d83) Importer(815301076,1909f56bfc062723c751e8b465ee728b)  -> (artifact id: 'aefe906d112738a9f2ca8ae05404100e') in 0.016263 seconds 
========================================================================
Received Import Request.
  Time since last request: 0.000019 seconds.
  path: Assets/Art/Great Sword Pack/great sword crouching (2).fbx
  artifactKey: Guid(608cd96e94bf9af4fa25659959c88819) Importer(815301076,1909f56bfc062723c751e8b465ee728b)
Start importing Assets/Art/Great Sword Pack/great sword crouching (2).fbx using Guid(608cd96e94bf9af4fa25659959c88819) Importer(815301076,1909f56bfc062723c751e8b465ee728b)  -> (artifact id: '1487638d58c9654443c6b1d245554307') in 0.015292 seconds 
========================================================================
Received Import Request.
  Time since last request: 0.000019 seconds.
  path: Assets/Art/Great Sword Pack/great sword slash (3).fbx
  artifactKey: Guid(5f98816933c420a4186fd490dfe73ce9) Importer(815301076,1909f56bfc062723c751e8b465ee728b)
Start importing Assets/Art/Great Sword Pack/great sword slash (3).fbx using Guid(5f98816933c420a4186fd490dfe73ce9) Importer(815301076,1909f56bfc062723c751e8b465ee728b)  -> (artifact id: 'ba98bc30cc1dd82d13d86e608c180072') in 0.015213 seconds 
========================================================================
Received Import Request.
  Time since last request: 0.000016 seconds.
  path: Assets/Art/Great Sword Pack/great sword blocking (2).fbx
  artifactKey: Guid(f096a3e122f4aa74cb45687dfc0d444a) Importer(815301076,1909f56bfc062723c751e8b465ee728b)
Start importing Assets/Art/Great Sword Pack/great sword blocking (2).fbx using Guid(f096a3e122f4aa74cb45687dfc0d444a) Importer(815301076,1909f56bfc062723c751e8b465ee728b)  -> (artifact id: '08e88c8eff24206e91d9e5f7d146d8b9') in 0.015049 seconds 
========================================================================
Received Import Request.
  Time since last request: 0.000020 seconds.
  path: Assets/Art/Great Sword Pack/great sword strafe (4).fbx
  artifactKey: Guid(241ceeed335ed424d8632f08cba4fb14) Importer(815301076,1909f56bfc062723c751e8b465ee728b)
Start importing Assets/Art/Great Sword Pack/great sword strafe (4).fbx using Guid(241ceeed335ed424d8632f08cba4fb14) Importer(815301076,1909f56bfc062723c751e8b465ee728b)  -> (artifact id: '48d5e9a49d0e84530ba65fafb2e0993b') in 0.015652 seconds 
========================================================================
Received Import Request.
  Time since last request: 0.000019 seconds.
  path: Assets/Art/Great Sword Pack/great sword idle (3).fbx
  artifactKey: Guid(cc02fbd08941eb047a957c1eae9a808c) Importer(815301076,1909f56bfc062723c751e8b465ee728b)
Start importing Assets/Art/Great Sword Pack/great sword idle (3).fbx using Guid(cc02fbd08941eb047a957c1eae9a808c) Importer(815301076,1909f56bfc062723c751e8b465ee728b)  -> (artifact id: 'e869aeb4b870696cd2efcc141f06d08c') in 0.016824 seconds 
========================================================================
Received Import Request.
  Time since last request: 0.000019 seconds.
  path: Assets/Art/Great Sword Pack/great sword slide attack.fbx
  artifactKey: Guid(99b3dabed519b4745b8d36cc8211f8ed) Importer(815301076,1909f56bfc062723c751e8b465ee728b)
Start importing Assets/Art/Great Sword Pack/great sword slide attack.fbx using Guid(99b3dabed519b4745b8d36cc8211f8ed) Importer(815301076,1909f56bfc062723c751e8b465ee728b)  -> (artifact id: '394c9b10f177d2457f90ab9aa80e5cd5') in 0.016877 seconds 
========================================================================
Received Import Request.
  Time since last request: 0.000020 seconds.
  path: Assets/Art/Great Sword Pack/great sword blocking.fbx
  artifactKey: Guid(781635ce63ff4724e9d32a5f461877d9) Importer(815301076,1909f56bfc062723c751e8b465ee728b)
Start importing Assets/Art/Great Sword Pack/great sword blocking.fbx using Guid(781635ce63ff4724e9d32a5f461877d9) Importer(815301076,1909f56bfc062723c751e8b465ee728b)  -> (artifact id: 'cb123ce831ac76701fb26e3ef1ab6901') in 0.015953 seconds 
========================================================================
Received Import Request.
  Time since last request: 0.000017 seconds.
  path: Assets/Art/Great Sword Pack/great sword slash (2).fbx
  artifactKey: Guid(aa62b6bf82ae226479700a208210bc27) Importer(815301076,1909f56bfc062723c751e8b465ee728b)
Start importing Assets/Art/Great Sword Pack/great sword slash (2).fbx using Guid(aa62b6bf82ae226479700a208210bc27) Importer(815301076,1909f56bfc062723c751e8b465ee728b)  -> (artifact id: '912c7071b4bc18d2db5044534f017652') in 0.016769 seconds 
========================================================================
Received Import Request.
  Time since last request: 0.000023 seconds.
  path: Assets/Art/Great Sword Pack/great sword run.fbx
  artifactKey: Guid(985a1f8184f8b7643b4a89d883f79afb) Importer(815301076,1909f56bfc062723c751e8b465ee728b)
Start importing Assets/Art/Great Sword Pack/great sword run.fbx using Guid(985a1f8184f8b7643b4a89d883f79afb) Importer(815301076,1909f56bfc062723c751e8b465ee728b)  -> (artifact id: 'fed5204c0a66e48d11c3621d86bd660e') in 0.014770 seconds 
========================================================================
Received Import Request.
  Time since last request: 0.000023 seconds.
  path: Assets/Art/Great Sword Pack/great sword 180 turn.fbx
  artifactKey: Guid(0e08c12ce1e0f2e4a9b4521ce7b13dad) Importer(815301076,1909f56bfc062723c751e8b465ee728b)
Start importing Assets/Art/Great Sword Pack/great sword 180 turn.fbx using Guid(0e08c12ce1e0f2e4a9b4521ce7b13dad) Importer(815301076,1909f56bfc062723c751e8b465ee728b)  -> (artifact id: '69134dc9cafc943fb8ad923bf18cfd6c') in 0.017704 seconds 
========================================================================
Received Import Request.
  Time since last request: 0.000017 seconds.
  path: Assets/Art/Great Sword Pack/great sword idle (5).fbx
  artifactKey: Guid(602cd8eb36a1d9a46a34751a2f64a55c) Importer(815301076,1909f56bfc062723c751e8b465ee728b)
Start importing Assets/Art/Great Sword Pack/great sword idle (5).fbx using Guid(602cd8eb36a1d9a46a34751a2f64a55c) Importer(815301076,1909f56bfc062723c751e8b465ee728b)  -> (artifact id: '8658b869620ff544d41a7ce2b081929f') in 0.014157 seconds 
========================================================================
Received Import Request.
  Time since last request: 0.000035 seconds.
  path: Assets/Art/Great Sword Pack/great sword 180 turn (2).fbx
  artifactKey: Guid(060a60109e3b3e240849503af89a87a9) Importer(815301076,1909f56bfc062723c751e8b465ee728b)
Start importing Assets/Art/Great Sword Pack/great sword 180 turn (2).fbx using Guid(060a60109e3b3e240849503af89a87a9) Importer(815301076,1909f56bfc062723c751e8b465ee728b)  -> (artifact id: '82a5b2d629e8fe48b6ffab1b1fe210ba') in 0.015537 seconds 
========================================================================
Received Import Request.
  Time since last request: 0.000018 seconds.
  path: Assets/Art/Great Sword Pack/great sword jump.fbx
  artifactKey: Guid(e002219d99fdb8c4380a1df30cf6db8c) Importer(815301076,1909f56bfc062723c751e8b465ee728b)
Start importing Assets/Art/Great Sword Pack/great sword jump.fbx using Guid(e002219d99fdb8c4380a1df30cf6db8c) Importer(815301076,1909f56bfc062723c751e8b465ee728b)  -> (artifact id: '976594e045a87dbb238b23e8fe98e8bb') in 0.015391 seconds 
========================================================================
Received Import Request.
  Time since last request: 0.000019 seconds.
  path: Assets/Art/Great Sword Pack/great sword impact (5).fbx
  artifactKey: Guid(90e034d805d0ad049824976f4509886e) Importer(815301076,1909f56bfc062723c751e8b465ee728b)
Start importing Assets/Art/Great Sword Pack/great sword impact (5).fbx using Guid(90e034d805d0ad049824976f4509886e) Importer(815301076,1909f56bfc062723c751e8b465ee728b)  -> (artifact id: 'c88bbff771758828412e28ff249f1b1c') in 0.015350 seconds 
========================================================================
Received Import Request.
  Time since last request: 0.000019 seconds.
  path: Assets/Art/Great Sword Pack/great sword idle.fbx
  artifactKey: Guid(5ec4e1a6c66a5d744b6a4e29fc0ae3c8) Importer(815301076,1909f56bfc062723c751e8b465ee728b)
Start importing Assets/Art/Great Sword Pack/great sword idle.fbx using Guid(5ec4e1a6c66a5d744b6a4e29fc0ae3c8) Importer(815301076,1909f56bfc062723c751e8b465ee728b)  -> (artifact id: '17a35d01f4bda706068f90a65c24d237') in 0.016171 seconds 
Editor requested this worker to shutdown with reason: Scaling down because of idle timeout
AssetImportWorker is now disconnected from the server
Process exiting
Exiting without the bug reporter. Application will terminate with return code 0