Using pre-set license
Built from '2020.3/staging' branch; Version is '2020.3.32f1 (12f8b0834f07) revision 1243312'; Using compiler version '192528614'; Build Type 'Release'
OS: 'Windows 10  (10.0.19042) 64bit Enterprise' Language: 'en' Physical Memory: 16304 MB
BatchMode: 1, IsHumanControllingUs: 0, StartBugReporterOnCrash: 0, Is64bit: 1, IsPro: 0

COMMAND LINE ARGUMENTS:
D:\Unity\Unity Install\2020.3.32f1\Editor\Unity.exe
-adb2
-batchMode
-noUpm
-name
AssetImportWorker3
-projectPath
D:/Unity/GitHub/it-Brettney-Batch/Client
-logFile
Logs/AssetImportWorker3.log
-srvPort
62578
Successfully changed project path to: D:/Unity/GitHub/it-Brettney-Batch/Client
D:/Unity/GitHub/it-Brettney-Batch/Client
Using Asset Import Pipeline V2.
Refreshing native plugins compatible for Editor in 50.28 ms, found 2 plugins.
Preloading 0 native plugins for Editor in 0.00 ms.
Initialize engine version: 2020.3.32f1 (12f8b0834f07)
[Subsystems] Discovering subsystems at path D:/Unity/Unity Install/2020.3.32f1/Editor/Data/Resources/UnitySubsystems
[Subsystems] Discovering subsystems at path D:/Unity/GitHub/it-Brettney-Batch/Client/Assets
GfxDevice: creating device client; threaded=0
Direct3D:
    Version:  Direct3D 11.0 [level 11.0]
    Renderer: NVIDIA Quadro K2200  (ID=0x13ba)
    Vendor:   
    VRAM:     4035 MB
    Driver:   10.18.13.5362
Initialize mono
Mono path[0] = 'D:/Unity/Unity Install/2020.3.32f1/Editor/Data/Managed'
Mono path[1] = 'D:/Unity/Unity Install/2020.3.32f1/Editor/Data/MonoBleedingEdge/lib/mono/unityjit'
Mono config path = 'D:/Unity/Unity Install/2020.3.32f1/Editor/Data/MonoBleedingEdge/etc'
Using monoOptions --debugger-agent=transport=dt_socket,embedding=1,server=y,suspend=n,address=127.0.0.1:56048
Begin MonoManager ReloadAssembly
Registering precompiled unity dll's ...
Register platform support module: D:/Unity/Unity Install/2020.3.32f1/Editor/Data/PlaybackEngines/WindowsStandaloneSupport/UnityEditor.WindowsStandalone.Extensions.dll
Registered in 0.001763 seconds.
Native extension for WindowsStandalone target not found
Refreshing native plugins compatible for Editor in 39.23 ms, found 2 plugins.
Preloading 0 native plugins for Editor in 0.00 ms.
Mono: successfully reloaded assembly
- Completed reload, in  1.457 seconds
Domain Reload Profiling:
	ReloadAssembly (1458ms)
		BeginReloadAssembly (225ms)
			ExecutionOrderSort (0ms)
			DisableScriptedObjects (0ms)
			BackupInstance (0ms)
			ReleaseScriptingObjects (0ms)
			CreateAndSetChildDomain (1ms)
		EndReloadAssembly (617ms)
			LoadAssemblies (224ms)
			RebuildTransferFunctionScriptingTraits (0ms)
			SetupTypeCache (262ms)
			ReleaseScriptCaches (0ms)
			RebuildScriptCaches (35ms)
			SetupLoadedEditorAssemblies (200ms)
				LogAssemblyErrors (0ms)
				InitializePlatformSupportModulesInManaged (4ms)
				SetLoadedEditorAssemblies (0ms)
				RefreshPlugins (39ms)
				BeforeProcessingInitializeOnLoad (17ms)
				ProcessInitializeOnLoadAttributes (106ms)
				ProcessInitializeOnLoadMethodAttributes (33ms)
				AfterProcessingInitializeOnLoad (0ms)
				EditorAssembliesLoaded (0ms)
			ExecutionOrderSort2 (0ms)
			AwakeInstancesAfterBackupRestoration (0ms)
Platform modules already initialized, skipping
Registering precompiled user dll's ...
Registered in 0.009181 seconds.
Begin MonoManager ReloadAssembly
Native extension for WindowsStandalone target not found
Refreshing native plugins compatible for Editor in 0.34 ms, found 2 plugins.
Preloading 0 native plugins for Editor in 0.00 ms.
Mono: successfully reloaded assembly
- Completed reload, in  1.065 seconds
Domain Reload Profiling:
	ReloadAssembly (1066ms)
		BeginReloadAssembly (174ms)
			ExecutionOrderSort (0ms)
			DisableScriptedObjects (5ms)
			BackupInstance (0ms)
			ReleaseScriptingObjects (0ms)
			CreateAndSetChildDomain (19ms)
		EndReloadAssembly (836ms)
			LoadAssemblies (91ms)
			RebuildTransferFunctionScriptingTraits (0ms)
			SetupTypeCache (289ms)
			ReleaseScriptCaches (0ms)
			RebuildScriptCaches (45ms)
			SetupLoadedEditorAssemblies (313ms)
				LogAssemblyErrors (0ms)
				InitializePlatformSupportModulesInManaged (5ms)
				SetLoadedEditorAssemblies (1ms)
				RefreshPlugins (0ms)
				BeforeProcessingInitializeOnLoad (78ms)
				ProcessInitializeOnLoadAttributes (217ms)
				ProcessInitializeOnLoadMethodAttributes (9ms)
				AfterProcessingInitializeOnLoad (3ms)
				EditorAssembliesLoaded (0ms)
			ExecutionOrderSort2 (0ms)
			AwakeInstancesAfterBackupRestoration (6ms)
Platform modules already initialized, skipping
========================================================================
Worker process is ready to serve import requests
Launched and connected shader compiler UnityShaderCompiler.exe after 0.12 seconds
Refreshing native plugins compatible for Editor in 0.31 ms, found 2 plugins.
Preloading 0 native plugins for Editor in 0.00 ms.
Unloading 1520 Unused Serialized files (Serialized files now loaded: 0)
System memory in use before: 69.1 MB.
System memory in use after: 69.2 MB.

Unloading 17 unused Assets to reduce memory usage. Loaded Objects now: 1956.
Total: 4.084500 ms (FindLiveObjects: 0.121900 ms CreateObjectMapping: 0.081200 ms MarkObjects: 3.790600 ms  DeleteObjects: 0.089600 ms)

AssetImportParameters requested are different than current active one (requested -> active):
  custom:framework-win-MediaFoundation: 216162199b28c13a410421893ffa2e32 -> 
  custom:video-decoder-ogg-theora: a1e56fd34408186e4bbccfd4996cb3dc -> 
  custom:container-muxer-webm: aa71ff27fc2769a1b78a27578f13a17b -> 
  custom:container-demuxer-webm: 4f35f7cbe854078d1ac9338744f61a02 -> 
  custom:container-demuxer-ogg: 62fdf1f143b41e24485cea50d1cbac27 -> 
  custom:video-encoder-webm-vp8: eb34c28f22e8b96e1ab97ce403110664 -> 
  custom:video-decoder-webm-vp8: 9c59270c3fd7afecdb556c50c9e8de78 -> 
  custom:audio-decoder-ogg-vorbis: bf7c407c2cedff20999df2af8eb42d56 -> 
  custom:audio-encoder-webm-vorbis: bf7c407c2cedff20999df2af8eb42d56 -> 
========================================================================
Received Import Request.
  path: Assets/Scenes/SampleScene.unity
  artifactKey: Guid(9fc0d4010bbf28b4594072e72b8655ab) Importer(815301076,1909f56bfc062723c751e8b465ee728b)
Start importing Assets/Scenes/SampleScene.unity using Guid(9fc0d4010bbf28b4594072e72b8655ab) Importer(815301076,1909f56bfc062723c751e8b465ee728b)  -> (artifact id: '49b755002fa8787a32acc9a0d9890059') in 0.010879 seconds 
========================================================================
Received Import Request.
  Time since last request: 29.084780 seconds.
  path: Assets/Scripts
  artifactKey: Guid(bb3a1a908b9cee64c8505ba93cb0b575) Importer(815301076,1909f56bfc062723c751e8b465ee728b)
Start importing Assets/Scripts using Guid(bb3a1a908b9cee64c8505ba93cb0b575) Importer(815301076,1909f56bfc062723c751e8b465ee728b)  -> (artifact id: '67ac21d4d46f5851da5b7998ced487c8') in 0.014420 seconds 
========================================================================
Received Import Request.
  Time since last request: 1.100593 seconds.
  path: Assets/Scripts/ClientUIHandler.cs
  artifactKey: Guid(f1bce0198f5e7944fbba9644b5ab4b84) Importer(815301076,1909f56bfc062723c751e8b465ee728b)
Start importing Assets/Scripts/ClientUIHandler.cs using Guid(f1bce0198f5e7944fbba9644b5ab4b84) Importer(815301076,1909f56bfc062723c751e8b465ee728b)  -> (artifact id: '8efb85451880f0e2c48e32a09a6ab936') in 0.038377 seconds 
========================================================================
Received Prepare
Registering precompiled user dll's ...
Registered in 0.069424 seconds.
Begin MonoManager ReloadAssembly
Native extension for WindowsStandalone target not found
Refreshing native plugins compatible for Editor in 0.40 ms, found 2 plugins.
Preloading 0 native plugins for Editor in 0.00 ms.
Mono: successfully reloaded assembly
- Completed reload, in  1.212 seconds
Domain Reload Profiling:
	ReloadAssembly (1213ms)
		BeginReloadAssembly (151ms)
			ExecutionOrderSort (0ms)
			DisableScriptedObjects (6ms)
			BackupInstance (0ms)
			ReleaseScriptingObjects (0ms)
			CreateAndSetChildDomain (61ms)
		EndReloadAssembly (1002ms)
			LoadAssemblies (105ms)
			RebuildTransferFunctionScriptingTraits (0ms)
			SetupTypeCache (341ms)
			ReleaseScriptCaches (1ms)
			RebuildScriptCaches (47ms)
			SetupLoadedEditorAssemblies (368ms)
				LogAssemblyErrors (0ms)
				InitializePlatformSupportModulesInManaged (6ms)
				SetLoadedEditorAssemblies (1ms)
				RefreshPlugins (0ms)
				BeforeProcessingInitializeOnLoad (88ms)
				ProcessInitializeOnLoadAttributes (259ms)
				ProcessInitializeOnLoadMethodAttributes (10ms)
				AfterProcessingInitializeOnLoad (3ms)
				EditorAssembliesLoaded (0ms)
			ExecutionOrderSort2 (0ms)
			AwakeInstancesAfterBackupRestoration (10ms)
Platform modules already initialized, skipping
Refreshing native plugins compatible for Editor in 0.39 ms, found 2 plugins.
Preloading 0 native plugins for Editor in 0.00 ms.
Unloading 1875 Unused Serialized files (Serialized files now loaded: 0)
System memory in use before: 84.7 MB.
System memory in use after: 82.8 MB.

Unloading 35 unused Assets to reduce memory usage. Loaded Objects now: 2298.
Total: 5.075600 ms (FindLiveObjects: 0.155600 ms CreateObjectMapping: 0.077800 ms MarkObjects: 3.635000 ms  DeleteObjects: 1.206100 ms)

AssetImportParameters requested are different than current active one (requested -> active):
  custom:framework-win-MediaFoundation: 216162199b28c13a410421893ffa2e32 -> 
  custom:video-decoder-ogg-theora: a1e56fd34408186e4bbccfd4996cb3dc -> 
  custom:container-muxer-webm: aa71ff27fc2769a1b78a27578f13a17b -> 
  custom:container-demuxer-webm: 4f35f7cbe854078d1ac9338744f61a02 -> 
  custom:container-demuxer-ogg: 62fdf1f143b41e24485cea50d1cbac27 -> 
  custom:video-encoder-webm-vp8: eb34c28f22e8b96e1ab97ce403110664 -> 
  custom:video-decoder-webm-vp8: 9c59270c3fd7afecdb556c50c9e8de78 -> 
  custom:audio-decoder-ogg-vorbis: bf7c407c2cedff20999df2af8eb42d56 -> 
  custom:audio-encoder-webm-vorbis: bf7c407c2cedff20999df2af8eb42d56 -> 
========================================================================
Received Import Request.
  Time since last request: 937.563344 seconds.
  path: Packages/com.unity.probuilder/Content/Resources/Textures/GridBox_Default.png
  artifactKey: Guid(6344bf96fbda94141a525046d088fb23) Importer(815301076,1909f56bfc062723c751e8b465ee728b)
Start importing Packages/com.unity.probuilder/Content/Resources/Textures/GridBox_Default.png using Guid(6344bf96fbda94141a525046d088fb23) Importer(815301076,1909f56bfc062723c751e8b465ee728b)  -> (artifact id: 'b0d047d03561b9fd36435b1b6ba1eabc') in 0.206420 seconds 
========================================================================
Received Import Request.
  Time since last request: 411.318082 seconds.
  path: Assets/Prefabs
  artifactKey: Guid(63642bad155f37c4abbc75d2db79fbb6) Importer(815301076,1909f56bfc062723c751e8b465ee728b)
Start importing Assets/Prefabs using Guid(63642bad155f37c4abbc75d2db79fbb6) Importer(815301076,1909f56bfc062723c751e8b465ee728b)  -> (artifact id: 'df875ab2767336cc5dc89fb940e0a152') in 0.434923 seconds 
========================================================================
Received Import Request.
  Time since last request: 14.862495 seconds.
  path: Assets
  artifactKey: Guid(00000000000000001000000000000000) Importer(815301076,1909f56bfc062723c751e8b465ee728b)
Start importing Assets using Guid(00000000000000001000000000000000) Importer(815301076,1909f56bfc062723c751e8b465ee728b)  -> (artifact id: '42d402b061de3733987d63b9cc3b64de') in 0.015853 seconds 
========================================================================
Received Import Request.
  Time since last request: 7.436018 seconds.
  path: Assets/Map Layouts
  artifactKey: Guid(2590577b1fe48934e919a0b22f4b5f8c) Importer(815301076,1909f56bfc062723c751e8b465ee728b)
Start importing Assets/Map Layouts using Guid(2590577b1fe48934e919a0b22f4b5f8c) Importer(815301076,1909f56bfc062723c751e8b465ee728b)  -> (artifact id: '45481788283453eeebe0b1b204171c1f') in 0.012818 seconds 
========================================================================
Received Import Request.
  Time since last request: 7.179526 seconds.
  path: Assets/Map Assets
  artifactKey: Guid(2590577b1fe48934e919a0b22f4b5f8c) Importer(815301076,1909f56bfc062723c751e8b465ee728b)
Start importing Assets/Map Assets using Guid(2590577b1fe48934e919a0b22f4b5f8c) Importer(815301076,1909f56bfc062723c751e8b465ee728b)  -> (artifact id: 'f7f07b69626f346237828042731b9b0f') in 0.008918 seconds 
========================================================================
Received Import Request.
  Time since last request: 9.793331 seconds.
  path: Assets/Map Assets/Map Prefabs
  artifactKey: Guid(8f5523ef5fef382498395877390fdbbc) Importer(815301076,1909f56bfc062723c751e8b465ee728b)
Start importing Assets/Map Assets/Map Prefabs using Guid(8f5523ef5fef382498395877390fdbbc) Importer(815301076,1909f56bfc062723c751e8b465ee728b)  -> (artifact id: '0da6b43a1dc22a812bc295f81795dece') in 0.011204 seconds 
========================================================================
Received Import Request.
  Time since last request: 6.158192 seconds.
  path: Assets/Map Assets/Map Prefabs/Connecting Pathway Map.prefab
  artifactKey: Guid(4d3b4f3f3fd2e0644ac05d6857a4bb97) Importer(815301076,1909f56bfc062723c751e8b465ee728b)
Start importing Assets/Map Assets/Map Prefabs/Connecting Pathway Map.prefab using Guid(4d3b4f3f3fd2e0644ac05d6857a4bb97) Importer(815301076,1909f56bfc062723c751e8b465ee728b)  -> (artifact id: 'bc4368664fc88287db8c6d4907b2e0cb') in 0.048427 seconds 
========================================================================
Received Import Request.
  Time since last request: 11.190890 seconds.
  path: Assets/Map Assets/Map Prefabs/Connecting Pathway Map Prefab (Base).prefab
  artifactKey: Guid(4d3b4f3f3fd2e0644ac05d6857a4bb97) Importer(815301076,1909f56bfc062723c751e8b465ee728b)
Start importing Assets/Map Assets/Map Prefabs/Connecting Pathway Map Prefab (Base).prefab using Guid(4d3b4f3f3fd2e0644ac05d6857a4bb97) Importer(815301076,1909f56bfc062723c751e8b465ee728b)  -> (artifact id: 'cd641b3028b3f54cf036ae908865dcda') in 0.020665 seconds 
========================================================================
Received Import Request.
  Time since last request: 4.561166 seconds.
  path: ProjectSettings/TagManager.asset
  artifactKey: Guid(00000000000000003000000000000000) Importer(815301076,1909f56bfc062723c751e8b465ee728b)
Start importing ProjectSettings/TagManager.asset using Guid(00000000000000003000000000000000) Importer(815301076,1909f56bfc062723c751e8b465ee728b)  -> (artifact id: 'ce6a35c3cddc746e7501c0bd0ed6d4ce') in 0.036067 seconds 
========================================================================
Received Import Request.
  Time since last request: 10.623660 seconds.
  path: Assets/Map Assets/Map Prefabs/Connecting Pathway Map Prefab (Base).prefab
  artifactKey: Guid(4d3b4f3f3fd2e0644ac05d6857a4bb97) Importer(815301076,1909f56bfc062723c751e8b465ee728b)
Start importing Assets/Map Assets/Map Prefabs/Connecting Pathway Map Prefab (Base).prefab using Guid(4d3b4f3f3fd2e0644ac05d6857a4bb97) Importer(815301076,1909f56bfc062723c751e8b465ee728b)  -> (artifact id: 'b4b69ecdfb947c80c8a31a789ad87b47') in 0.019204 seconds 
========================================================================
Received Import Request.
  Time since last request: 4.747336 seconds.
  path: Assets/Map Assets/Map Prefabs/Connecting Pathway Map Prefab (Base).prefab
  artifactKey: Guid(4d3b4f3f3fd2e0644ac05d6857a4bb97) Importer(815301076,1909f56bfc062723c751e8b465ee728b)
Start importing Assets/Map Assets/Map Prefabs/Connecting Pathway Map Prefab (Base).prefab using Guid(4d3b4f3f3fd2e0644ac05d6857a4bb97) Importer(815301076,1909f56bfc062723c751e8b465ee728b)  -> (artifact id: 'fb94f841e5af8381aba2e01d5a07d127') in 0.021171 seconds 
========================================================================
Received Import Request.
  Time since last request: 1400.948815 seconds.
  path: Assets/Prefabs/PlayerMaterials
  artifactKey: Guid(c27f50a0383d6464fa7060d6a50e4ce4) Importer(815301076,1909f56bfc062723c751e8b465ee728b)
Start importing Assets/Prefabs/PlayerMaterials using Guid(c27f50a0383d6464fa7060d6a50e4ce4) Importer(815301076,1909f56bfc062723c751e8b465ee728b)  -> (artifact id: '0e590f2d1dbdb76564a27b43d75cd06e') in 0.012288 seconds 
========================================================================
Received Import Request.
  Time since last request: 2.470795 seconds.
  path: Assets/Testing
  artifactKey: Guid(db89e52ab7654d449b3f18a9c638dd70) Importer(815301076,1909f56bfc062723c751e8b465ee728b)
Start importing Assets/Testing using Guid(db89e52ab7654d449b3f18a9c638dd70) Importer(815301076,1909f56bfc062723c751e8b465ee728b)  -> (artifact id: '3049b7b6b3ed000330436de4f8263055') in 0.014445 seconds 
========================================================================
Received Import Request.
  Time since last request: 5.936700 seconds.
  path: Assets/Testing Mat
  artifactKey: Guid(db89e52ab7654d449b3f18a9c638dd70) Importer(815301076,1909f56bfc062723c751e8b465ee728b)
Start importing Assets/Testing Mat using Guid(db89e52ab7654d449b3f18a9c638dd70) Importer(815301076,1909f56bfc062723c751e8b465ee728b)  -> (artifact id: 'd165f6ec78b6f0a038071b7b17da91b8') in 0.012733 seconds 
========================================================================
Received Import Request.
  Time since last request: 158.546354 seconds.
  path: Assets/Map Assets/Map Prefabs/Spawn Map.prefab
  artifactKey: Guid(178f1f65e71cbd7499f7f357378cc3cd) Importer(815301076,1909f56bfc062723c751e8b465ee728b)
Start importing Assets/Map Assets/Map Prefabs/Spawn Map.prefab using Guid(178f1f65e71cbd7499f7f357378cc3cd) Importer(815301076,1909f56bfc062723c751e8b465ee728b)  -> (artifact id: 'a2da3c7914c7f28b8db8f97e9babbdc4') in 0.026510 seconds 
========================================================================
Received Prepare
Registering precompiled user dll's ...
Registered in 0.004393 seconds.
Begin MonoManager ReloadAssembly
Native extension for WindowsStandalone target not found
Refreshing native plugins compatible for Editor in 0.44 ms, found 2 plugins.
Preloading 0 native plugins for Editor in 0.00 ms.
Mono: successfully reloaded assembly
- Completed reload, in  2.743 seconds
Domain Reload Profiling:
	ReloadAssembly (2744ms)
		BeginReloadAssembly (553ms)
			ExecutionOrderSort (0ms)
			DisableScriptedObjects (35ms)
			BackupInstance (0ms)
			ReleaseScriptingObjects (0ms)
			CreateAndSetChildDomain (203ms)
		EndReloadAssembly (1947ms)
			LoadAssemblies (356ms)
			RebuildTransferFunctionScriptingTraits (0ms)
			SetupTypeCache (1056ms)
			ReleaseScriptCaches (3ms)
			RebuildScriptCaches (104ms)
			SetupLoadedEditorAssemblies (396ms)
				LogAssemblyErrors (0ms)
				InitializePlatformSupportModulesInManaged (6ms)
				SetLoadedEditorAssemblies (1ms)
				RefreshPlugins (1ms)
				BeforeProcessingInitializeOnLoad (97ms)
				ProcessInitializeOnLoadAttributes (276ms)
				ProcessInitializeOnLoadMethodAttributes (11ms)
				AfterProcessingInitializeOnLoad (4ms)
				EditorAssembliesLoaded (0ms)
			ExecutionOrderSort2 (0ms)
			AwakeInstancesAfterBackupRestoration (8ms)
Platform modules already initialized, skipping
Refreshing native plugins compatible for Editor in 0.41 ms, found 2 plugins.
Preloading 0 native plugins for Editor in 0.00 ms.
Unloading 1874 Unused Serialized files (Serialized files now loaded: 0)
System memory in use before: 84.8 MB.
System memory in use after: 82.9 MB.

Unloading 36 unused Assets to reduce memory usage. Loaded Objects now: 2303.
Total: 3.920700 ms (FindLiveObjects: 0.147300 ms CreateObjectMapping: 0.073600 ms MarkObjects: 2.420600 ms  DeleteObjects: 1.278300 ms)

AssetImportParameters requested are different than current active one (requested -> active):
  custom:framework-win-MediaFoundation: 216162199b28c13a410421893ffa2e32 -> 
  custom:video-decoder-ogg-theora: a1e56fd34408186e4bbccfd4996cb3dc -> 
  custom:container-muxer-webm: aa71ff27fc2769a1b78a27578f13a17b -> 
  custom:container-demuxer-webm: 4f35f7cbe854078d1ac9338744f61a02 -> 
  custom:container-demuxer-ogg: 62fdf1f143b41e24485cea50d1cbac27 -> 
  custom:video-encoder-webm-vp8: eb34c28f22e8b96e1ab97ce403110664 -> 
  custom:video-decoder-webm-vp8: 9c59270c3fd7afecdb556c50c9e8de78 -> 
  custom:audio-decoder-ogg-vorbis: bf7c407c2cedff20999df2af8eb42d56 -> 
  custom:audio-encoder-webm-vorbis: bf7c407c2cedff20999df2af8eb42d56 -> 
========================================================================
Received Prepare
Registering precompiled user dll's ...
Registered in 0.004541 seconds.
Begin MonoManager ReloadAssembly
Native extension for WindowsStandalone target not found
Refreshing native plugins compatible for Editor in 0.47 ms, found 2 plugins.
Preloading 0 native plugins for Editor in 0.00 ms.
Mono: successfully reloaded assembly
- Completed reload, in  1.047 seconds
Domain Reload Profiling:
	ReloadAssembly (1047ms)
		BeginReloadAssembly (113ms)
			ExecutionOrderSort (0ms)
			DisableScriptedObjects (4ms)
			BackupInstance (0ms)
			ReleaseScriptingObjects (0ms)
			CreateAndSetChildDomain (30ms)
		EndReloadAssembly (876ms)
			LoadAssemblies (98ms)
			RebuildTransferFunctionScriptingTraits (0ms)
			SetupTypeCache (303ms)
			ReleaseScriptCaches (1ms)
			RebuildScriptCaches (39ms)
			SetupLoadedEditorAssemblies (335ms)
				LogAssemblyErrors (0ms)
				InitializePlatformSupportModulesInManaged (4ms)
				SetLoadedEditorAssemblies (0ms)
				RefreshPlugins (1ms)
				BeforeProcessingInitializeOnLoad (76ms)
				ProcessInitializeOnLoadAttributes (236ms)
				ProcessInitializeOnLoadMethodAttributes (13ms)
				AfterProcessingInitializeOnLoad (4ms)
				EditorAssembliesLoaded (0ms)
			ExecutionOrderSort2 (0ms)
			AwakeInstancesAfterBackupRestoration (13ms)
Platform modules already initialized, skipping
Refreshing native plugins compatible for Editor in 0.39 ms, found 2 plugins.
Preloading 0 native plugins for Editor in 0.00 ms.
Unloading 1874 Unused Serialized files (Serialized files now loaded: 0)
System memory in use before: 84.8 MB.
System memory in use after: 82.9 MB.

Unloading 35 unused Assets to reduce memory usage. Loaded Objects now: 2306.
Total: 5.056100 ms (FindLiveObjects: 0.144500 ms CreateObjectMapping: 0.173200 ms MarkObjects: 2.755100 ms  DeleteObjects: 1.982400 ms)

AssetImportParameters requested are different than current active one (requested -> active):
  custom:framework-win-MediaFoundation: 216162199b28c13a410421893ffa2e32 -> 
  custom:video-decoder-ogg-theora: a1e56fd34408186e4bbccfd4996cb3dc -> 
  custom:container-muxer-webm: aa71ff27fc2769a1b78a27578f13a17b -> 
  custom:container-demuxer-webm: 4f35f7cbe854078d1ac9338744f61a02 -> 
  custom:container-demuxer-ogg: 62fdf1f143b41e24485cea50d1cbac27 -> 
  custom:video-encoder-webm-vp8: eb34c28f22e8b96e1ab97ce403110664 -> 
  custom:video-decoder-webm-vp8: 9c59270c3fd7afecdb556c50c9e8de78 -> 
  custom:audio-decoder-ogg-vorbis: bf7c407c2cedff20999df2af8eb42d56 -> 
  custom:audio-encoder-webm-vorbis: bf7c407c2cedff20999df2af8eb42d56 -> 
========================================================================
Received Prepare
Registering precompiled user dll's ...
Registered in 0.006235 seconds.
Begin MonoManager ReloadAssembly
Native extension for WindowsStandalone target not found
Refreshing native plugins compatible for Editor in 0.60 ms, found 2 plugins.
Preloading 0 native plugins for Editor in 0.00 ms.
Mono: successfully reloaded assembly
- Completed reload, in  1.471 seconds
Domain Reload Profiling:
	ReloadAssembly (1471ms)
		BeginReloadAssembly (163ms)
			ExecutionOrderSort (0ms)
			DisableScriptedObjects (7ms)
			BackupInstance (0ms)
			ReleaseScriptingObjects (0ms)
			CreateAndSetChildDomain (44ms)
		EndReloadAssembly (1180ms)
			LoadAssemblies (135ms)
			RebuildTransferFunctionScriptingTraits (0ms)
			SetupTypeCache (429ms)
			ReleaseScriptCaches (1ms)
			RebuildScriptCaches (56ms)
			SetupLoadedEditorAssemblies (425ms)
				LogAssemblyErrors (0ms)
				InitializePlatformSupportModulesInManaged (6ms)
				SetLoadedEditorAssemblies (1ms)
				RefreshPlugins (1ms)
				BeforeProcessingInitializeOnLoad (101ms)
				ProcessInitializeOnLoadAttributes (299ms)
				ProcessInitializeOnLoadMethodAttributes (15ms)
				AfterProcessingInitializeOnLoad (3ms)
				EditorAssembliesLoaded (0ms)
			ExecutionOrderSort2 (0ms)
			AwakeInstancesAfterBackupRestoration (10ms)
Platform modules already initialized, skipping
Refreshing native plugins compatible for Editor in 0.62 ms, found 2 plugins.
Preloading 0 native plugins for Editor in 0.00 ms.
Unloading 1874 Unused Serialized files (Serialized files now loaded: 0)
System memory in use before: 84.8 MB.
System memory in use after: 82.9 MB.

Unloading 35 unused Assets to reduce memory usage. Loaded Objects now: 2309.
Total: 5.122100 ms (FindLiveObjects: 0.143500 ms CreateObjectMapping: 0.074800 ms MarkObjects: 3.314900 ms  DeleteObjects: 1.587900 ms)

AssetImportParameters requested are different than current active one (requested -> active):
  custom:framework-win-MediaFoundation: 216162199b28c13a410421893ffa2e32 -> 
  custom:video-decoder-ogg-theora: a1e56fd34408186e4bbccfd4996cb3dc -> 
  custom:container-muxer-webm: aa71ff27fc2769a1b78a27578f13a17b -> 
  custom:container-demuxer-webm: 4f35f7cbe854078d1ac9338744f61a02 -> 
  custom:container-demuxer-ogg: 62fdf1f143b41e24485cea50d1cbac27 -> 
  custom:video-encoder-webm-vp8: eb34c28f22e8b96e1ab97ce403110664 -> 
  custom:video-decoder-webm-vp8: 9c59270c3fd7afecdb556c50c9e8de78 -> 
  custom:audio-decoder-ogg-vorbis: bf7c407c2cedff20999df2af8eb42d56 -> 
  custom:audio-encoder-webm-vorbis: bf7c407c2cedff20999df2af8eb42d56 -> 
========================================================================
Received Import Request.
  Time since last request: 577.751855 seconds.
  path: Assets/Scenes
  artifactKey: Guid(1a4270299f3d34a4d9c7f59191edc296) Importer(815301076,1909f56bfc062723c751e8b465ee728b)
Start importing Assets/Scenes using Guid(1a4270299f3d34a4d9c7f59191edc296) Importer(815301076,1909f56bfc062723c751e8b465ee728b)  -> (artifact id: '6ec20d0beb57e0ee74a3459a9be261f6') in 0.012351 seconds 
========================================================================
Received Import Request.
  Time since last request: 6.689621 seconds.
  path: Assets/Scenes/Testing Scene.unity
  artifactKey: Guid(1c04f79c8f929104083417a260530750) Importer(815301076,1909f56bfc062723c751e8b465ee728b)
Start importing Assets/Scenes/Testing Scene.unity using Guid(1c04f79c8f929104083417a260530750) Importer(815301076,1909f56bfc062723c751e8b465ee728b)  -> (artifact id: 'cda109b4c67eb8f8fc373f454d4b1cd8') in 0.012830 seconds 
========================================================================
Received Import Request.
  Time since last request: 8.642682 seconds.
  path: Assets/Scenes/SampleScene.unity
  artifactKey: Guid(9fc0d4010bbf28b4594072e72b8655ab) Importer(815301076,1909f56bfc062723c751e8b465ee728b)
Start importing Assets/Scenes/SampleScene.unity using Guid(9fc0d4010bbf28b4594072e72b8655ab) Importer(815301076,1909f56bfc062723c751e8b465ee728b)  -> (artifact id: '6dbce88a694852d31fd8e6b9da75d2a3') in 0.144765 seconds 
========================================================================
Received Import Request.
  Time since last request: 10.458484 seconds.
  path: Assets/Map Assets/Map Prefabs/MapTesting.prefab
  artifactKey: Guid(bcab34876a6b8cd4192fa70ac32b26b1) Importer(815301076,1909f56bfc062723c751e8b465ee728b)
Start importing Assets/Map Assets/Map Prefabs/MapTesting.prefab using Guid(bcab34876a6b8cd4192fa70ac32b26b1) Importer(815301076,1909f56bfc062723c751e8b465ee728b)  -> (artifact id: 'acef6e2f638e283d8cd74fdfbaabdfac') in 0.057181 seconds 
========================================================================
Received Import Request.
  Time since last request: 345.696310 seconds.
  path: Assets/Testing
  artifactKey: Guid(4281a31cca2d09e4ab1c3731602fe0c4) Importer(815301076,1909f56bfc062723c751e8b465ee728b)
Start importing Assets/Testing using Guid(4281a31cca2d09e4ab1c3731602fe0c4) Importer(815301076,1909f56bfc062723c751e8b465ee728b)  -> (artifact id: '5c7443fddea81707bf266318a48a948d') in 0.012525 seconds 
========================================================================
Received Import Request.
  Time since last request: 7.093607 seconds.
  path: Assets/Testing/TestingMovement.cs
  artifactKey: Guid(a317ea095771b374782a07ed49f60263) Importer(815301076,1909f56bfc062723c751e8b465ee728b)
Start importing Assets/Testing/TestingMovement.cs using Guid(a317ea095771b374782a07ed49f60263) Importer(815301076,1909f56bfc062723c751e8b465ee728b)  -> (artifact id: '7312ba502957257056123c74aea96e6b') in 0.023867 seconds 
========================================================================
Received Prepare
Registering precompiled user dll's ...
Registered in 0.004353 seconds.
Begin MonoManager ReloadAssembly
Native extension for WindowsStandalone target not found
Refreshing native plugins compatible for Editor in 0.51 ms, found 2 plugins.
Preloading 0 native plugins for Editor in 0.00 ms.
Mono: successfully reloaded assembly
- Completed reload, in  0.954 seconds
Domain Reload Profiling:
	ReloadAssembly (955ms)
		BeginReloadAssembly (123ms)
			ExecutionOrderSort (0ms)
			DisableScriptedObjects (5ms)
			BackupInstance (0ms)
			ReleaseScriptingObjects (0ms)
			CreateAndSetChildDomain (38ms)
		EndReloadAssembly (778ms)
			LoadAssemblies (98ms)
			RebuildTransferFunctionScriptingTraits (0ms)
			SetupTypeCache (272ms)
			ReleaseScriptCaches (1ms)
			RebuildScriptCaches (38ms)
			SetupLoadedEditorAssemblies (292ms)
				LogAssemblyErrors (0ms)
				InitializePlatformSupportModulesInManaged (5ms)
				SetLoadedEditorAssemblies (1ms)
				RefreshPlugins (1ms)
				BeforeProcessingInitializeOnLoad (70ms)
				ProcessInitializeOnLoadAttributes (204ms)
				ProcessInitializeOnLoadMethodAttributes (9ms)
				AfterProcessingInitializeOnLoad (3ms)
				EditorAssembliesLoaded (0ms)
			ExecutionOrderSort2 (0ms)
			AwakeInstancesAfterBackupRestoration (6ms)
Platform modules already initialized, skipping
Refreshing native plugins compatible for Editor in 0.42 ms, found 2 plugins.
Preloading 0 native plugins for Editor in 0.00 ms.
Unloading 1875 Unused Serialized files (Serialized files now loaded: 0)
System memory in use before: 84.9 MB.
System memory in use after: 83.0 MB.

Unloading 35 unused Assets to reduce memory usage. Loaded Objects now: 2313.
Total: 4.381000 ms (FindLiveObjects: 0.174200 ms CreateObjectMapping: 0.089900 ms MarkObjects: 2.601900 ms  DeleteObjects: 1.513900 ms)

AssetImportParameters requested are different than current active one (requested -> active):
  custom:framework-win-MediaFoundation: 216162199b28c13a410421893ffa2e32 -> 
  custom:video-decoder-ogg-theora: a1e56fd34408186e4bbccfd4996cb3dc -> 
  custom:container-muxer-webm: aa71ff27fc2769a1b78a27578f13a17b -> 
  custom:container-demuxer-webm: 4f35f7cbe854078d1ac9338744f61a02 -> 
  custom:container-demuxer-ogg: 62fdf1f143b41e24485cea50d1cbac27 -> 
  custom:video-encoder-webm-vp8: eb34c28f22e8b96e1ab97ce403110664 -> 
  custom:video-decoder-webm-vp8: 9c59270c3fd7afecdb556c50c9e8de78 -> 
  custom:audio-decoder-ogg-vorbis: bf7c407c2cedff20999df2af8eb42d56 -> 
  custom:audio-encoder-webm-vorbis: bf7c407c2cedff20999df2af8eb42d56 -> 
========================================================================
Received Prepare
Registering precompiled user dll's ...
Registered in 0.005235 seconds.
Begin MonoManager ReloadAssembly
Native extension for WindowsStandalone target not found
Refreshing native plugins compatible for Editor in 0.37 ms, found 2 plugins.
Preloading 0 native plugins for Editor in 0.00 ms.
Mono: successfully reloaded assembly
- Completed reload, in  0.918 seconds
Domain Reload Profiling:
	ReloadAssembly (918ms)
		BeginReloadAssembly (116ms)
			ExecutionOrderSort (0ms)
			DisableScriptedObjects (4ms)
			BackupInstance (0ms)
			ReleaseScriptingObjects (0ms)
			CreateAndSetChildDomain (30ms)
		EndReloadAssembly (747ms)
			LoadAssemblies (96ms)
			RebuildTransferFunctionScriptingTraits (0ms)
			SetupTypeCache (273ms)
			ReleaseScriptCaches (1ms)
			RebuildScriptCaches (37ms)
			SetupLoadedEditorAssemblies (267ms)
				LogAssemblyErrors (0ms)
				InitializePlatformSupportModulesInManaged (4ms)
				SetLoadedEditorAssemblies (0ms)
				RefreshPlugins (0ms)
				BeforeProcessingInitializeOnLoad (68ms)
				ProcessInitializeOnLoadAttributes (183ms)
				ProcessInitializeOnLoadMethodAttributes (8ms)
				AfterProcessingInitializeOnLoad (3ms)
				EditorAssembliesLoaded (0ms)
			ExecutionOrderSort2 (0ms)
			AwakeInstancesAfterBackupRestoration (6ms)
Platform modules already initialized, skipping
Refreshing native plugins compatible for Editor in 0.39 ms, found 2 plugins.
Preloading 0 native plugins for Editor in 0.00 ms.
Unloading 1875 Unused Serialized files (Serialized files now loaded: 0)
System memory in use before: 84.8 MB.
System memory in use after: 83.0 MB.

Unloading 35 unused Assets to reduce memory usage. Loaded Objects now: 2316.
Total: 4.647900 ms (FindLiveObjects: 0.173800 ms CreateObjectMapping: 0.076200 ms MarkObjects: 3.040200 ms  DeleteObjects: 1.356400 ms)

AssetImportParameters requested are different than current active one (requested -> active):
  custom:framework-win-MediaFoundation: 216162199b28c13a410421893ffa2e32 -> 
  custom:video-decoder-ogg-theora: a1e56fd34408186e4bbccfd4996cb3dc -> 
  custom:container-muxer-webm: aa71ff27fc2769a1b78a27578f13a17b -> 
  custom:container-demuxer-webm: 4f35f7cbe854078d1ac9338744f61a02 -> 
  custom:container-demuxer-ogg: 62fdf1f143b41e24485cea50d1cbac27 -> 
  custom:video-encoder-webm-vp8: eb34c28f22e8b96e1ab97ce403110664 -> 
  custom:video-decoder-webm-vp8: 9c59270c3fd7afecdb556c50c9e8de78 -> 
  custom:audio-decoder-ogg-vorbis: bf7c407c2cedff20999df2af8eb42d56 -> 
  custom:audio-encoder-webm-vorbis: bf7c407c2cedff20999df2af8eb42d56 -> 
========================================================================
Received Prepare
Registering precompiled user dll's ...
Registered in 0.036341 seconds.
Begin MonoManager ReloadAssembly
Native extension for WindowsStandalone target not found
Refreshing native plugins compatible for Editor in 0.57 ms, found 2 plugins.
Preloading 0 native plugins for Editor in 0.00 ms.
Mono: successfully reloaded assembly
- Completed reload, in  1.490 seconds
Domain Reload Profiling:
	ReloadAssembly (1491ms)
		BeginReloadAssembly (135ms)
			ExecutionOrderSort (0ms)
			DisableScriptedObjects (6ms)
			BackupInstance (0ms)
			ReleaseScriptingObjects (0ms)
			CreateAndSetChildDomain (38ms)
		EndReloadAssembly (1277ms)
			LoadAssemblies (123ms)
			RebuildTransferFunctionScriptingTraits (0ms)
			SetupTypeCache (375ms)
			ReleaseScriptCaches (1ms)
			RebuildScriptCaches (79ms)
			SetupLoadedEditorAssemblies (592ms)
				LogAssemblyErrors (0ms)
				InitializePlatformSupportModulesInManaged (6ms)
				SetLoadedEditorAssemblies (1ms)
				RefreshPlugins (1ms)
				BeforeProcessingInitializeOnLoad (103ms)
				ProcessInitializeOnLoadAttributes (468ms)
				ProcessInitializeOnLoadMethodAttributes (10ms)
				AfterProcessingInitializeOnLoad (3ms)
				EditorAssembliesLoaded (0ms)
			ExecutionOrderSort2 (0ms)
			AwakeInstancesAfterBackupRestoration (6ms)
Platform modules already initialized, skipping
Refreshing native plugins compatible for Editor in 0.41 ms, found 2 plugins.
Preloading 0 native plugins for Editor in 0.00 ms.
Unloading 1875 Unused Serialized files (Serialized files now loaded: 0)
System memory in use before: 84.9 MB.
System memory in use after: 83.0 MB.

Unloading 35 unused Assets to reduce memory usage. Loaded Objects now: 2319.
Total: 4.574600 ms (FindLiveObjects: 0.135400 ms CreateObjectMapping: 0.063700 ms MarkObjects: 2.600100 ms  DeleteObjects: 1.774200 ms)

AssetImportParameters requested are different than current active one (requested -> active):
  custom:framework-win-MediaFoundation: 216162199b28c13a410421893ffa2e32 -> 
  custom:video-decoder-ogg-theora: a1e56fd34408186e4bbccfd4996cb3dc -> 
  custom:container-muxer-webm: aa71ff27fc2769a1b78a27578f13a17b -> 
  custom:container-demuxer-webm: 4f35f7cbe854078d1ac9338744f61a02 -> 
  custom:container-demuxer-ogg: 62fdf1f143b41e24485cea50d1cbac27 -> 
  custom:video-encoder-webm-vp8: eb34c28f22e8b96e1ab97ce403110664 -> 
  custom:video-decoder-webm-vp8: 9c59270c3fd7afecdb556c50c9e8de78 -> 
  custom:audio-decoder-ogg-vorbis: bf7c407c2cedff20999df2af8eb42d56 -> 
  custom:audio-encoder-webm-vorbis: bf7c407c2cedff20999df2af8eb42d56 -> 
========================================================================
Received Import Request.
  Time since last request: 974.295584 seconds.
  path: Assets/Map Assets/Map Prefabs/Connecting Pathway Map Prefab (Base).prefab
  artifactKey: Guid(4d3b4f3f3fd2e0644ac05d6857a4bb97) Importer(815301076,1909f56bfc062723c751e8b465ee728b)
Start importing Assets/Map Assets/Map Prefabs/Connecting Pathway Map Prefab (Base).prefab using Guid(4d3b4f3f3fd2e0644ac05d6857a4bb97) Importer(815301076,1909f56bfc062723c751e8b465ee728b)  -> (artifact id: 'e68eea2e3a1fe9476274c6393c12f385') in 0.057305 seconds 
========================================================================
Received Import Request.
  Time since last request: 310.727709 seconds.
  path: Assets/Map Assets/Map Prefabs/Connecting Pathway Map Prefab (Base).prefab
  artifactKey: Guid(4d3b4f3f3fd2e0644ac05d6857a4bb97) Importer(815301076,1909f56bfc062723c751e8b465ee728b)
Start importing Assets/Map Assets/Map Prefabs/Connecting Pathway Map Prefab (Base).prefab using Guid(4d3b4f3f3fd2e0644ac05d6857a4bb97) Importer(815301076,1909f56bfc062723c751e8b465ee728b)  -> (artifact id: '9f5f0ac9e555b485922032312c16cafc') in 0.021886 seconds 
========================================================================
Received Import Request.
  Time since last request: 293.993835 seconds.
  path: Assets/Scenes/SampleScene.unity
  artifactKey: Guid(9fc0d4010bbf28b4594072e72b8655ab) Importer(815301076,1909f56bfc062723c751e8b465ee728b)
Start importing Assets/Scenes/SampleScene.unity using Guid(9fc0d4010bbf28b4594072e72b8655ab) Importer(815301076,1909f56bfc062723c751e8b465ee728b)  -> (artifact id: '65cf1550fbef4720bbc3ee5c0dad0f37') in 0.014077 seconds 
AssetImportWorkerClient::OnTransportError - code=2 error=End of file
